2017-03-05 00:41:14,265 WARN org.apache.hadoop.util.NativeCodeLoader: Unable to load native-hadoop library for your platform... using builtin-java classes where applicable
2017-03-05 00:41:14,845 INFO org.apache.hadoop.conf.Configuration.deprecation: session.id is deprecated. Instead, use dfs.metrics.session-id
2017-03-05 00:41:14,849 INFO org.apache.hadoop.metrics.jvm.JvmMetrics: Initializing JVM Metrics with processName=JobTracker, sessionId=
2017-03-05 00:41:15,513 WARN org.apache.hadoop.mapreduce.JobResourceUploader: No job jar file set.  User classes may not be found. See Job or Job#setJar(String).
2017-03-05 00:41:15,521 INFO org.apache.hadoop.mapreduce.lib.input.FileInputFormat: Total input paths to process : 1
2017-03-05 00:41:15,559 INFO org.apache.hadoop.mapreduce.JobSubmitter: number of splits:3
2017-03-05 00:41:15,849 INFO org.apache.hadoop.mapreduce.JobSubmitter: Submitting tokens for job: job_local1287728370_0001
2017-03-05 00:41:16,307 INFO org.apache.hadoop.mapreduce.Job: The url to track the job: http://localhost:8080/
2017-03-05 00:41:16,308 INFO org.apache.hadoop.mapreduce.Job: Running job: job_local1287728370_0001
2017-03-05 00:41:16,312 INFO org.apache.hadoop.mapred.LocalJobRunner: OutputCommitter set in config null
2017-03-05 00:41:16,353 INFO org.apache.hadoop.mapreduce.lib.output.FileOutputCommitter: File Output Committer Algorithm version is 1
2017-03-05 00:41:16,360 INFO org.apache.hadoop.mapred.LocalJobRunner: OutputCommitter is org.apache.hadoop.mapreduce.lib.output.FileOutputCommitter
2017-03-05 00:41:16,466 INFO org.apache.hadoop.mapred.LocalJobRunner: Waiting for map tasks
2017-03-05 00:41:16,467 INFO org.apache.hadoop.mapred.LocalJobRunner: Starting task: attempt_local1287728370_0001_m_000000_0
2017-03-05 00:41:16,521 INFO org.apache.hadoop.mapreduce.lib.output.FileOutputCommitter: File Output Committer Algorithm version is 1
2017-03-05 00:41:16,624 INFO org.apache.hadoop.mapred.Task:  Using ResourceCalculatorProcessTree : [ ]
2017-03-05 00:41:16,626 INFO org.apache.hadoop.mapred.MapTask: Processing split: file:/home/cloudera/TP/data/purchases.txt.part:0+33554432
2017-03-05 00:41:16,729 INFO org.apache.hadoop.mapred.MapTask: (EQUATOR) 0 kvi 26214396(104857584)
2017-03-05 00:41:16,731 INFO org.apache.hadoop.mapred.MapTask: mapreduce.task.io.sort.mb: 100
2017-03-05 00:41:16,731 INFO org.apache.hadoop.mapred.MapTask: soft limit at 83886080
2017-03-05 00:41:16,731 INFO org.apache.hadoop.mapred.MapTask: bufstart = 0; bufvoid = 104857600
2017-03-05 00:41:16,731 INFO org.apache.hadoop.mapred.MapTask: kvstart = 26214396; length = 6553600
2017-03-05 00:41:16,734 INFO org.apache.hadoop.mapred.MapTask: Map output collector class = org.apache.hadoop.mapred.MapTask$MapOutputBuffer
2017-03-05 00:41:17,309 INFO org.apache.hadoop.mapreduce.Job: Job job_local1287728370_0001 running in uber mode : false
2017-03-05 00:41:17,310 INFO org.apache.hadoop.mapreduce.Job:  map 0% reduce 0%
2017-03-05 00:41:20,328 INFO org.apache.hadoop.mapred.LocalJobRunner: 
2017-03-05 00:41:20,328 INFO org.apache.hadoop.mapred.MapTask: Starting flush of map output
2017-03-05 00:41:20,329 INFO org.apache.hadoop.mapred.MapTask: Spilling map output
2017-03-05 00:41:20,329 INFO org.apache.hadoop.mapred.MapTask: bufstart = 0; bufend = 3476990; bufvoid = 104857600
2017-03-05 00:41:20,329 INFO org.apache.hadoop.mapred.MapTask: kvstart = 26214396(104857584); kvend = 25125932(100503728); length = 1088465/6553600
2017-03-05 00:41:21,320 INFO org.apache.hadoop.mapred.MapTask: Finished spill 0
2017-03-05 00:41:21,325 INFO org.apache.hadoop.mapred.Task: Task:attempt_local1287728370_0001_m_000000_0 is done. And is in the process of committing
2017-03-05 00:41:21,354 INFO org.apache.hadoop.mapred.LocalJobRunner: map
2017-03-05 00:41:21,354 INFO org.apache.hadoop.mapred.Task: Task 'attempt_local1287728370_0001_m_000000_0' done.
2017-03-05 00:41:21,354 INFO org.apache.hadoop.mapred.LocalJobRunner: Finishing task: attempt_local1287728370_0001_m_000000_0
2017-03-05 00:41:21,354 INFO org.apache.hadoop.mapred.LocalJobRunner: Starting task: attempt_local1287728370_0001_m_000001_0
2017-03-05 00:41:21,356 INFO org.apache.hadoop.mapreduce.lib.output.FileOutputCommitter: File Output Committer Algorithm version is 1
2017-03-05 00:41:21,356 INFO org.apache.hadoop.mapred.Task:  Using ResourceCalculatorProcessTree : [ ]
2017-03-05 00:41:21,359 INFO org.apache.hadoop.mapred.MapTask: Processing split: file:/home/cloudera/TP/data/purchases.txt.part:33554432+33554432
2017-03-05 00:41:21,443 INFO org.apache.hadoop.mapred.MapTask: (EQUATOR) 0 kvi 26214396(104857584)
2017-03-05 00:41:21,448 INFO org.apache.hadoop.mapred.MapTask: mapreduce.task.io.sort.mb: 100
2017-03-05 00:41:21,448 INFO org.apache.hadoop.mapred.MapTask: soft limit at 83886080
2017-03-05 00:41:21,448 INFO org.apache.hadoop.mapred.MapTask: bufstart = 0; bufvoid = 104857600
2017-03-05 00:41:21,452 INFO org.apache.hadoop.mapred.MapTask: kvstart = 26214396; length = 6553600
2017-03-05 00:41:21,458 INFO org.apache.hadoop.mapred.MapTask: Map output collector class = org.apache.hadoop.mapred.MapTask$MapOutputBuffer
2017-03-05 00:41:22,316 INFO org.apache.hadoop.mapreduce.Job:  map 100% reduce 0%
2017-03-05 00:41:24,327 INFO org.apache.hadoop.mapred.LocalJobRunner: 
2017-03-05 00:41:24,336 INFO org.apache.hadoop.mapred.MapTask: Starting flush of map output
2017-03-05 00:41:24,336 INFO org.apache.hadoop.mapred.MapTask: Spilling map output
2017-03-05 00:41:24,336 INFO org.apache.hadoop.mapred.MapTask: bufstart = 0; bufend = 3494747; bufvoid = 104857600
2017-03-05 00:41:24,336 INFO org.apache.hadoop.mapred.MapTask: kvstart = 26214396(104857584); kvend = 25120704(100482816); length = 1093693/6553600
2017-03-05 00:41:24,631 INFO org.apache.hadoop.mapred.MapTask: Finished spill 0
2017-03-05 00:41:24,632 INFO org.apache.hadoop.mapred.Task: Task:attempt_local1287728370_0001_m_000001_0 is done. And is in the process of committing
2017-03-05 00:41:24,634 INFO org.apache.hadoop.mapred.LocalJobRunner: map
2017-03-05 00:41:24,634 INFO org.apache.hadoop.mapred.Task: Task 'attempt_local1287728370_0001_m_000001_0' done.
2017-03-05 00:41:24,634 INFO org.apache.hadoop.mapred.LocalJobRunner: Finishing task: attempt_local1287728370_0001_m_000001_0
2017-03-05 00:41:24,634 INFO org.apache.hadoop.mapred.LocalJobRunner: Starting task: attempt_local1287728370_0001_m_000002_0
2017-03-05 00:41:24,635 INFO org.apache.hadoop.mapreduce.lib.output.FileOutputCommitter: File Output Committer Algorithm version is 1
2017-03-05 00:41:24,635 INFO org.apache.hadoop.mapred.Task:  Using ResourceCalculatorProcessTree : [ ]
2017-03-05 00:41:24,636 INFO org.apache.hadoop.mapred.MapTask: Processing split: file:/home/cloudera/TP/data/purchases.txt.part:67108864+18165990
2017-03-05 00:41:24,676 INFO org.apache.hadoop.mapred.MapTask: (EQUATOR) 0 kvi 26214396(104857584)
2017-03-05 00:41:24,676 INFO org.apache.hadoop.mapred.MapTask: mapreduce.task.io.sort.mb: 100
2017-03-05 00:41:24,676 INFO org.apache.hadoop.mapred.MapTask: soft limit at 83886080
2017-03-05 00:41:24,676 INFO org.apache.hadoop.mapred.MapTask: bufstart = 0; bufvoid = 104857600
2017-03-05 00:41:24,676 INFO org.apache.hadoop.mapred.MapTask: kvstart = 26214396; length = 6553600
2017-03-05 00:41:24,677 INFO org.apache.hadoop.mapred.MapTask: Map output collector class = org.apache.hadoop.mapred.MapTask$MapOutputBuffer
2017-03-05 00:41:25,661 INFO org.apache.hadoop.mapred.LocalJobRunner: 
2017-03-05 00:41:25,661 INFO org.apache.hadoop.mapred.MapTask: Starting flush of map output
2017-03-05 00:41:25,661 INFO org.apache.hadoop.mapred.MapTask: Spilling map output
2017-03-05 00:41:25,661 INFO org.apache.hadoop.mapred.MapTask: bufstart = 0; bufend = 1884271; bufvoid = 104857600
2017-03-05 00:41:25,661 INFO org.apache.hadoop.mapred.MapTask: kvstart = 26214396(104857584); kvend = 25624916(102499664); length = 589481/6553600
2017-03-05 00:41:25,785 INFO org.apache.hadoop.mapred.MapTask: Finished spill 0
2017-03-05 00:41:25,786 INFO org.apache.hadoop.mapred.Task: Task:attempt_local1287728370_0001_m_000002_0 is done. And is in the process of committing
2017-03-05 00:41:25,787 INFO org.apache.hadoop.mapred.LocalJobRunner: map
2017-03-05 00:41:25,787 INFO org.apache.hadoop.mapred.Task: Task 'attempt_local1287728370_0001_m_000002_0' done.
2017-03-05 00:41:25,788 INFO org.apache.hadoop.mapred.LocalJobRunner: Finishing task: attempt_local1287728370_0001_m_000002_0
2017-03-05 00:41:25,788 INFO org.apache.hadoop.mapred.LocalJobRunner: map task executor complete.
2017-03-05 00:41:25,808 INFO org.apache.hadoop.mapred.LocalJobRunner: Waiting for reduce tasks
2017-03-05 00:41:25,808 INFO org.apache.hadoop.mapred.LocalJobRunner: Starting task: attempt_local1287728370_0001_r_000000_0
2017-03-05 00:41:25,835 INFO org.apache.hadoop.mapreduce.lib.output.FileOutputCommitter: File Output Committer Algorithm version is 1
2017-03-05 00:41:25,835 INFO org.apache.hadoop.mapred.Task:  Using ResourceCalculatorProcessTree : [ ]
2017-03-05 00:41:25,840 INFO org.apache.hadoop.mapred.ReduceTask: Using ShuffleConsumerPlugin: org.apache.hadoop.mapreduce.task.reduce.Shuffle@1bf62925
2017-03-05 00:41:25,880 INFO org.apache.hadoop.mapreduce.task.reduce.MergeManagerImpl: MergerManager: memoryLimit=662713152, maxSingleShuffleLimit=165678288, mergeThreshold=437390688, ioSortFactor=10, memToMemMergeOutputsThreshold=10
2017-03-05 00:41:25,887 INFO org.apache.hadoop.mapreduce.task.reduce.EventFetcher: attempt_local1287728370_0001_r_000000_0 Thread started: EventFetcher for fetching Map Completion Events
2017-03-05 00:41:25,931 INFO org.apache.hadoop.mapreduce.task.reduce.LocalFetcher: localfetcher#1 about to shuffle output of map attempt_local1287728370_0001_m_000002_0 decomp: 2179015 len: 2179019 to MEMORY
2017-03-05 00:41:25,942 INFO org.apache.hadoop.mapreduce.task.reduce.InMemoryMapOutput: Read 2179015 bytes from map-output for attempt_local1287728370_0001_m_000002_0
2017-03-05 00:41:25,945 INFO org.apache.hadoop.mapreduce.task.reduce.MergeManagerImpl: closeInMemoryFile -> map-output of size: 2179015, inMemoryMapOutputs.size() -> 1, commitMemory -> 0, usedMemory ->2179015
2017-03-05 00:41:25,959 INFO org.apache.hadoop.mapreduce.task.reduce.LocalFetcher: localfetcher#1 about to shuffle output of map attempt_local1287728370_0001_m_000000_0 decomp: 4021226 len: 4021230 to MEMORY
2017-03-05 00:41:25,968 INFO org.apache.hadoop.mapreduce.task.reduce.InMemoryMapOutput: Read 4021226 bytes from map-output for attempt_local1287728370_0001_m_000000_0
2017-03-05 00:41:25,968 INFO org.apache.hadoop.mapreduce.task.reduce.MergeManagerImpl: closeInMemoryFile -> map-output of size: 4021226, inMemoryMapOutputs.size() -> 2, commitMemory -> 2179015, usedMemory ->6200241
2017-03-05 00:41:25,970 INFO org.apache.hadoop.mapreduce.task.reduce.LocalFetcher: localfetcher#1 about to shuffle output of map attempt_local1287728370_0001_m_000001_0 decomp: 4041597 len: 4041601 to MEMORY
2017-03-05 00:41:25,978 INFO org.apache.hadoop.mapreduce.task.reduce.InMemoryMapOutput: Read 4041597 bytes from map-output for attempt_local1287728370_0001_m_000001_0
2017-03-05 00:41:25,978 INFO org.apache.hadoop.mapreduce.task.reduce.MergeManagerImpl: closeInMemoryFile -> map-output of size: 4041597, inMemoryMapOutputs.size() -> 3, commitMemory -> 6200241, usedMemory ->10241838
2017-03-05 00:41:25,978 INFO org.apache.hadoop.mapreduce.task.reduce.EventFetcher: EventFetcher is interrupted.. Returning
2017-03-05 00:41:25,980 INFO org.apache.hadoop.mapred.LocalJobRunner: 3 / 3 copied.
2017-03-05 00:41:25,981 INFO org.apache.hadoop.mapreduce.task.reduce.MergeManagerImpl: finalMerge called with 3 in-memory map-outputs and 0 on-disk map-outputs
2017-03-05 00:41:25,988 INFO org.apache.hadoop.mapred.Merger: Merging 3 sorted segments
2017-03-05 00:41:25,988 INFO org.apache.hadoop.mapred.Merger: Down to the last merge-pass, with 3 segments left of total size: 10241796 bytes
2017-03-05 00:41:26,509 INFO org.apache.hadoop.mapreduce.task.reduce.MergeManagerImpl: Merged 3 segments, 10241838 bytes to disk to satisfy reduce memory limit
2017-03-05 00:41:26,510 INFO org.apache.hadoop.mapreduce.task.reduce.MergeManagerImpl: Merging 1 files, 10241838 bytes from disk
2017-03-05 00:41:26,540 INFO org.apache.hadoop.mapreduce.task.reduce.MergeManagerImpl: Merging 0 segments, 0 bytes from memory into reduce
2017-03-05 00:41:26,540 INFO org.apache.hadoop.mapred.Merger: Merging 1 sorted segments
2017-03-05 00:41:26,541 INFO org.apache.hadoop.mapred.Merger: Down to the last merge-pass, with 1 segments left of total size: 10241820 bytes
2017-03-05 00:41:26,541 INFO org.apache.hadoop.mapred.LocalJobRunner: 3 / 3 copied.
2017-03-05 00:41:26,651 INFO org.apache.hadoop.conf.Configuration.deprecation: mapred.skip.on is deprecated. Instead, use mapreduce.job.skiprecords
2017-03-05 00:41:27,926 INFO org.apache.hadoop.mapred.Task: Task:attempt_local1287728370_0001_r_000000_0 is done. And is in the process of committing
2017-03-05 00:41:27,927 INFO org.apache.hadoop.mapred.LocalJobRunner: 3 / 3 copied.
2017-03-05 00:41:27,927 INFO org.apache.hadoop.mapred.Task: Task attempt_local1287728370_0001_r_000000_0 is allowed to commit now
2017-03-05 00:41:27,928 INFO org.apache.hadoop.mapreduce.lib.output.FileOutputCommitter: Saved output of task 'attempt_local1287728370_0001_r_000000_0' to file:/home/cloudera/TP/output/_temporary/0/task_local1287728370_0001_r_000000
2017-03-05 00:41:27,929 INFO org.apache.hadoop.mapred.LocalJobRunner: reduce > reduce
2017-03-05 00:41:27,929 INFO org.apache.hadoop.mapred.Task: Task 'attempt_local1287728370_0001_r_000000_0' done.
2017-03-05 00:41:27,929 INFO org.apache.hadoop.mapred.LocalJobRunner: Finishing task: attempt_local1287728370_0001_r_000000_0
2017-03-05 00:41:27,929 INFO org.apache.hadoop.mapred.LocalJobRunner: reduce task executor complete.
2017-03-05 00:41:27,960 WARN org.apache.hadoop.mapred.LocalJobRunner: job_local1287728370_0001
java.lang.NoClassDefFoundError: org/apache/http/client/methods/HttpUriRequest
	at org.apache.hadoop.mapred.LocalJobRunner$Job.run(LocalJobRunner.java:573)
Caused by: java.lang.ClassNotFoundException: org.apache.http.client.methods.HttpUriRequest
	at java.net.URLClassLoader$1.run(URLClassLoader.java:366)
	at java.net.URLClassLoader$1.run(URLClassLoader.java:355)
	at java.security.AccessController.doPrivileged(Native Method)
	at java.net.URLClassLoader.findClass(URLClassLoader.java:354)
	at java.lang.ClassLoader.loadClass(ClassLoader.java:425)
	at sun.misc.Launcher$AppClassLoader.loadClass(Launcher.java:308)
	at java.lang.ClassLoader.loadClass(ClassLoader.java:358)
	... 1 more
2017-03-05 00:41:28,321 INFO org.apache.hadoop.mapreduce.Job:  map 100% reduce 100%
2017-03-05 00:41:28,322 INFO org.apache.hadoop.mapreduce.Job: Job job_local1287728370_0001 failed with state FAILED due to: NA
2017-03-05 00:41:28,360 INFO org.apache.hadoop.mapreduce.Job: Counters: 30
	File System Counters
		FILE: Number of bytes read=291728924
		FILE: Number of bytes written=54714767
		FILE: Number of read operations=0
		FILE: Number of large read operations=0
		FILE: Number of write operations=0
	Map-Reduce Framework
		Map input records=1669957
		Map output records=692912
		Map output bytes=8856008
		Map output materialized bytes=10241850
		Input split bytes=333
		Combine input records=0
		Combine output records=0
		Reduce input groups=77
		Reduce shuffle bytes=10241850
		Reduce input records=692912
		Reduce output records=692912
		Spilled Records=1385824
		Shuffled Maps =3
		Failed Shuffles=0
		Merged Map outputs=3
		GC time elapsed (ms)=234
		Total committed heap usage (bytes)=767574016
	Shuffle Errors
		BAD_ID=0
		CONNECTION=0
		IO_ERROR=0
		WRONG_LENGTH=0
		WRONG_MAP=0
		WRONG_REDUCE=0
	File Input Format Counters 
		Bytes Read=85283046
	File Output Format Counters 
		Bytes Written=10797024
2017-03-05 00:51:08,170 WARN org.apache.hadoop.util.NativeCodeLoader: Unable to load native-hadoop library for your platform... using builtin-java classes where applicable
2017-03-05 00:51:08,735 INFO org.apache.hadoop.conf.Configuration.deprecation: session.id is deprecated. Instead, use dfs.metrics.session-id
2017-03-05 00:51:08,738 INFO org.apache.hadoop.metrics.jvm.JvmMetrics: Initializing JVM Metrics with processName=JobTracker, sessionId=
2017-03-05 00:51:09,220 WARN org.apache.hadoop.mapreduce.JobResourceUploader: No job jar file set.  User classes may not be found. See Job or Job#setJar(String).
2017-03-05 00:51:09,237 INFO org.apache.hadoop.mapreduce.lib.input.FileInputFormat: Total input paths to process : 1
2017-03-05 00:51:09,345 INFO org.apache.hadoop.mapreduce.JobSubmitter: number of splits:3
2017-03-05 00:51:09,803 INFO org.apache.hadoop.mapreduce.JobSubmitter: Submitting tokens for job: job_local1800004832_0001
2017-03-05 00:51:10,436 INFO org.apache.hadoop.mapreduce.Job: The url to track the job: http://localhost:8080/
2017-03-05 00:51:10,436 INFO org.apache.hadoop.mapreduce.Job: Running job: job_local1800004832_0001
2017-03-05 00:51:10,439 INFO org.apache.hadoop.mapred.LocalJobRunner: OutputCommitter set in config null
2017-03-05 00:51:10,480 INFO org.apache.hadoop.mapreduce.lib.output.FileOutputCommitter: File Output Committer Algorithm version is 1
2017-03-05 00:51:10,487 INFO org.apache.hadoop.mapred.LocalJobRunner: OutputCommitter is org.apache.hadoop.mapreduce.lib.output.FileOutputCommitter
2017-03-05 00:51:10,600 INFO org.apache.hadoop.mapred.LocalJobRunner: Waiting for map tasks
2017-03-05 00:51:10,603 INFO org.apache.hadoop.mapred.LocalJobRunner: Starting task: attempt_local1800004832_0001_m_000000_0
2017-03-05 00:51:10,659 INFO org.apache.hadoop.mapreduce.lib.output.FileOutputCommitter: File Output Committer Algorithm version is 1
2017-03-05 00:51:10,699 INFO org.apache.hadoop.mapred.Task:  Using ResourceCalculatorProcessTree : [ ]
2017-03-05 00:51:10,703 INFO org.apache.hadoop.mapred.MapTask: Processing split: file:/home/cloudera/TP/data/purchases.txt.part:0+33554432
2017-03-05 00:51:10,780 INFO org.apache.hadoop.mapred.MapTask: (EQUATOR) 0 kvi 26214396(104857584)
2017-03-05 00:51:10,780 INFO org.apache.hadoop.mapred.MapTask: mapreduce.task.io.sort.mb: 100
2017-03-05 00:51:10,780 INFO org.apache.hadoop.mapred.MapTask: soft limit at 83886080
2017-03-05 00:51:10,780 INFO org.apache.hadoop.mapred.MapTask: bufstart = 0; bufvoid = 104857600
2017-03-05 00:51:10,780 INFO org.apache.hadoop.mapred.MapTask: kvstart = 26214396; length = 6553600
2017-03-05 00:51:10,783 INFO org.apache.hadoop.mapred.MapTask: Map output collector class = org.apache.hadoop.mapred.MapTask$MapOutputBuffer
2017-03-05 00:51:11,439 INFO org.apache.hadoop.mapreduce.Job: Job job_local1800004832_0001 running in uber mode : false
2017-03-05 00:51:11,440 INFO org.apache.hadoop.mapreduce.Job:  map 0% reduce 0%
2017-03-05 00:51:14,033 INFO org.apache.hadoop.mapred.LocalJobRunner: 
2017-03-05 00:51:14,033 INFO org.apache.hadoop.mapred.MapTask: Starting flush of map output
2017-03-05 00:51:14,033 INFO org.apache.hadoop.mapred.MapTask: Spilling map output
2017-03-05 00:51:14,033 INFO org.apache.hadoop.mapred.MapTask: bufstart = 0; bufend = 3476990; bufvoid = 104857600
2017-03-05 00:51:14,033 INFO org.apache.hadoop.mapred.MapTask: kvstart = 26214396(104857584); kvend = 25125932(100503728); length = 1088465/6553600
2017-03-05 00:51:14,741 INFO org.apache.hadoop.mapred.MapTask: Finished spill 0
2017-03-05 00:51:14,744 INFO org.apache.hadoop.mapred.Task: Task:attempt_local1800004832_0001_m_000000_0 is done. And is in the process of committing
2017-03-05 00:51:14,761 INFO org.apache.hadoop.mapred.LocalJobRunner: map
2017-03-05 00:51:14,761 INFO org.apache.hadoop.mapred.Task: Task 'attempt_local1800004832_0001_m_000000_0' done.
2017-03-05 00:51:14,761 INFO org.apache.hadoop.mapred.LocalJobRunner: Finishing task: attempt_local1800004832_0001_m_000000_0
2017-03-05 00:51:14,761 INFO org.apache.hadoop.mapred.LocalJobRunner: Starting task: attempt_local1800004832_0001_m_000001_0
2017-03-05 00:51:14,762 INFO org.apache.hadoop.mapreduce.lib.output.FileOutputCommitter: File Output Committer Algorithm version is 1
2017-03-05 00:51:14,763 INFO org.apache.hadoop.mapred.Task:  Using ResourceCalculatorProcessTree : [ ]
2017-03-05 00:51:14,765 INFO org.apache.hadoop.mapred.MapTask: Processing split: file:/home/cloudera/TP/data/purchases.txt.part:33554432+33554432
2017-03-05 00:51:14,805 INFO org.apache.hadoop.mapred.MapTask: (EQUATOR) 0 kvi 26214396(104857584)
2017-03-05 00:51:14,805 INFO org.apache.hadoop.mapred.MapTask: mapreduce.task.io.sort.mb: 100
2017-03-05 00:51:14,805 INFO org.apache.hadoop.mapred.MapTask: soft limit at 83886080
2017-03-05 00:51:14,805 INFO org.apache.hadoop.mapred.MapTask: bufstart = 0; bufvoid = 104857600
2017-03-05 00:51:14,805 INFO org.apache.hadoop.mapred.MapTask: kvstart = 26214396; length = 6553600
2017-03-05 00:51:14,806 INFO org.apache.hadoop.mapred.MapTask: Map output collector class = org.apache.hadoop.mapred.MapTask$MapOutputBuffer
2017-03-05 00:51:15,446 INFO org.apache.hadoop.mapreduce.Job:  map 100% reduce 0%
2017-03-05 00:51:16,739 INFO org.apache.hadoop.mapred.LocalJobRunner: 
2017-03-05 00:51:16,739 INFO org.apache.hadoop.mapred.MapTask: Starting flush of map output
2017-03-05 00:51:16,739 INFO org.apache.hadoop.mapred.MapTask: Spilling map output
2017-03-05 00:51:16,739 INFO org.apache.hadoop.mapred.MapTask: bufstart = 0; bufend = 3494747; bufvoid = 104857600
2017-03-05 00:51:16,739 INFO org.apache.hadoop.mapred.MapTask: kvstart = 26214396(104857584); kvend = 25120704(100482816); length = 1093693/6553600
2017-03-05 00:51:17,077 INFO org.apache.hadoop.mapred.MapTask: Finished spill 0
2017-03-05 00:51:17,078 INFO org.apache.hadoop.mapred.Task: Task:attempt_local1800004832_0001_m_000001_0 is done. And is in the process of committing
2017-03-05 00:51:17,080 INFO org.apache.hadoop.mapred.LocalJobRunner: map
2017-03-05 00:51:17,080 INFO org.apache.hadoop.mapred.Task: Task 'attempt_local1800004832_0001_m_000001_0' done.
2017-03-05 00:51:17,080 INFO org.apache.hadoop.mapred.LocalJobRunner: Finishing task: attempt_local1800004832_0001_m_000001_0
2017-03-05 00:51:17,080 INFO org.apache.hadoop.mapred.LocalJobRunner: Starting task: attempt_local1800004832_0001_m_000002_0
2017-03-05 00:51:17,081 INFO org.apache.hadoop.mapreduce.lib.output.FileOutputCommitter: File Output Committer Algorithm version is 1
2017-03-05 00:51:17,081 INFO org.apache.hadoop.mapred.Task:  Using ResourceCalculatorProcessTree : [ ]
2017-03-05 00:51:17,082 INFO org.apache.hadoop.mapred.MapTask: Processing split: file:/home/cloudera/TP/data/purchases.txt.part:67108864+18165990
2017-03-05 00:51:17,134 INFO org.apache.hadoop.mapred.MapTask: (EQUATOR) 0 kvi 26214396(104857584)
2017-03-05 00:51:17,134 INFO org.apache.hadoop.mapred.MapTask: mapreduce.task.io.sort.mb: 100
2017-03-05 00:51:17,134 INFO org.apache.hadoop.mapred.MapTask: soft limit at 83886080
2017-03-05 00:51:17,134 INFO org.apache.hadoop.mapred.MapTask: bufstart = 0; bufvoid = 104857600
2017-03-05 00:51:17,135 INFO org.apache.hadoop.mapred.MapTask: kvstart = 26214396; length = 6553600
2017-03-05 00:51:17,135 INFO org.apache.hadoop.mapred.MapTask: Map output collector class = org.apache.hadoop.mapred.MapTask$MapOutputBuffer
2017-03-05 00:51:18,117 INFO org.apache.hadoop.mapred.LocalJobRunner: 
2017-03-05 00:51:18,118 INFO org.apache.hadoop.mapred.MapTask: Starting flush of map output
2017-03-05 00:51:18,118 INFO org.apache.hadoop.mapred.MapTask: Spilling map output
2017-03-05 00:51:18,118 INFO org.apache.hadoop.mapred.MapTask: bufstart = 0; bufend = 1884271; bufvoid = 104857600
2017-03-05 00:51:18,118 INFO org.apache.hadoop.mapred.MapTask: kvstart = 26214396(104857584); kvend = 25624916(102499664); length = 589481/6553600
2017-03-05 00:51:18,237 INFO org.apache.hadoop.mapred.MapTask: Finished spill 0
2017-03-05 00:51:18,239 INFO org.apache.hadoop.mapred.Task: Task:attempt_local1800004832_0001_m_000002_0 is done. And is in the process of committing
2017-03-05 00:51:18,240 INFO org.apache.hadoop.mapred.LocalJobRunner: map
2017-03-05 00:51:18,240 INFO org.apache.hadoop.mapred.Task: Task 'attempt_local1800004832_0001_m_000002_0' done.
2017-03-05 00:51:18,240 INFO org.apache.hadoop.mapred.LocalJobRunner: Finishing task: attempt_local1800004832_0001_m_000002_0
2017-03-05 00:51:18,241 INFO org.apache.hadoop.mapred.LocalJobRunner: map task executor complete.
2017-03-05 00:51:18,265 INFO org.apache.hadoop.mapred.LocalJobRunner: Waiting for reduce tasks
2017-03-05 00:51:18,265 INFO org.apache.hadoop.mapred.LocalJobRunner: Starting task: attempt_local1800004832_0001_r_000000_0
2017-03-05 00:51:18,283 INFO org.apache.hadoop.mapreduce.lib.output.FileOutputCommitter: File Output Committer Algorithm version is 1
2017-03-05 00:51:18,284 INFO org.apache.hadoop.mapred.Task:  Using ResourceCalculatorProcessTree : [ ]
2017-03-05 00:51:18,288 INFO org.apache.hadoop.mapred.ReduceTask: Using ShuffleConsumerPlugin: org.apache.hadoop.mapreduce.task.reduce.Shuffle@19a07ff
2017-03-05 00:51:18,335 INFO org.apache.hadoop.mapreduce.task.reduce.MergeManagerImpl: MergerManager: memoryLimit=662713152, maxSingleShuffleLimit=165678288, mergeThreshold=437390688, ioSortFactor=10, memToMemMergeOutputsThreshold=10
2017-03-05 00:51:18,341 INFO org.apache.hadoop.mapreduce.task.reduce.EventFetcher: attempt_local1800004832_0001_r_000000_0 Thread started: EventFetcher for fetching Map Completion Events
2017-03-05 00:51:18,376 INFO org.apache.hadoop.mapreduce.task.reduce.LocalFetcher: localfetcher#1 about to shuffle output of map attempt_local1800004832_0001_m_000002_0 decomp: 2179015 len: 2179019 to MEMORY
2017-03-05 00:51:18,383 INFO org.apache.hadoop.mapreduce.task.reduce.InMemoryMapOutput: Read 2179015 bytes from map-output for attempt_local1800004832_0001_m_000002_0
2017-03-05 00:51:18,384 INFO org.apache.hadoop.mapreduce.task.reduce.MergeManagerImpl: closeInMemoryFile -> map-output of size: 2179015, inMemoryMapOutputs.size() -> 1, commitMemory -> 0, usedMemory ->2179015
2017-03-05 00:51:18,405 INFO org.apache.hadoop.mapreduce.task.reduce.LocalFetcher: localfetcher#1 about to shuffle output of map attempt_local1800004832_0001_m_000000_0 decomp: 4021226 len: 4021230 to MEMORY
2017-03-05 00:51:18,416 INFO org.apache.hadoop.mapreduce.task.reduce.InMemoryMapOutput: Read 4021226 bytes from map-output for attempt_local1800004832_0001_m_000000_0
2017-03-05 00:51:18,416 INFO org.apache.hadoop.mapreduce.task.reduce.MergeManagerImpl: closeInMemoryFile -> map-output of size: 4021226, inMemoryMapOutputs.size() -> 2, commitMemory -> 2179015, usedMemory ->6200241
2017-03-05 00:51:18,418 INFO org.apache.hadoop.mapreduce.task.reduce.LocalFetcher: localfetcher#1 about to shuffle output of map attempt_local1800004832_0001_m_000001_0 decomp: 4041597 len: 4041601 to MEMORY
2017-03-05 00:51:18,425 INFO org.apache.hadoop.mapreduce.task.reduce.InMemoryMapOutput: Read 4041597 bytes from map-output for attempt_local1800004832_0001_m_000001_0
2017-03-05 00:51:18,426 INFO org.apache.hadoop.mapreduce.task.reduce.MergeManagerImpl: closeInMemoryFile -> map-output of size: 4041597, inMemoryMapOutputs.size() -> 3, commitMemory -> 6200241, usedMemory ->10241838
2017-03-05 00:51:18,426 INFO org.apache.hadoop.mapreduce.task.reduce.EventFetcher: EventFetcher is interrupted.. Returning
2017-03-05 00:51:18,427 INFO org.apache.hadoop.mapred.LocalJobRunner: 3 / 3 copied.
2017-03-05 00:51:18,429 INFO org.apache.hadoop.mapreduce.task.reduce.MergeManagerImpl: finalMerge called with 3 in-memory map-outputs and 0 on-disk map-outputs
2017-03-05 00:51:18,436 INFO org.apache.hadoop.mapred.Merger: Merging 3 sorted segments
2017-03-05 00:51:18,436 INFO org.apache.hadoop.mapred.Merger: Down to the last merge-pass, with 3 segments left of total size: 10241796 bytes
2017-03-05 00:51:19,058 INFO org.apache.hadoop.mapreduce.task.reduce.MergeManagerImpl: Merged 3 segments, 10241838 bytes to disk to satisfy reduce memory limit
2017-03-05 00:51:19,058 INFO org.apache.hadoop.mapreduce.task.reduce.MergeManagerImpl: Merging 1 files, 10241838 bytes from disk
2017-03-05 00:51:19,059 INFO org.apache.hadoop.mapreduce.task.reduce.MergeManagerImpl: Merging 0 segments, 0 bytes from memory into reduce
2017-03-05 00:51:19,059 INFO org.apache.hadoop.mapred.Merger: Merging 1 sorted segments
2017-03-05 00:51:19,060 INFO org.apache.hadoop.mapred.Merger: Down to the last merge-pass, with 1 segments left of total size: 10241820 bytes
2017-03-05 00:51:19,060 INFO org.apache.hadoop.mapred.LocalJobRunner: 3 / 3 copied.
2017-03-05 00:51:19,131 INFO org.apache.hadoop.conf.Configuration.deprecation: mapred.skip.on is deprecated. Instead, use mapreduce.job.skiprecords
2017-03-05 00:51:19,797 INFO org.apache.hadoop.mapred.Task: Task:attempt_local1800004832_0001_r_000000_0 is done. And is in the process of committing
2017-03-05 00:51:19,802 INFO org.apache.hadoop.mapred.LocalJobRunner: 3 / 3 copied.
2017-03-05 00:51:19,802 INFO org.apache.hadoop.mapred.Task: Task attempt_local1800004832_0001_r_000000_0 is allowed to commit now
2017-03-05 00:51:19,803 INFO org.apache.hadoop.mapreduce.lib.output.FileOutputCommitter: Saved output of task 'attempt_local1800004832_0001_r_000000_0' to file:/home/cloudera/TP/output/_temporary/0/task_local1800004832_0001_r_000000
2017-03-05 00:51:19,804 INFO org.apache.hadoop.mapred.LocalJobRunner: reduce > reduce
2017-03-05 00:51:19,804 INFO org.apache.hadoop.mapred.Task: Task 'attempt_local1800004832_0001_r_000000_0' done.
2017-03-05 00:51:19,805 INFO org.apache.hadoop.mapred.LocalJobRunner: Finishing task: attempt_local1800004832_0001_r_000000_0
2017-03-05 00:51:19,805 INFO org.apache.hadoop.mapred.LocalJobRunner: reduce task executor complete.
2017-03-05 00:51:19,820 WARN org.apache.hadoop.mapred.LocalJobRunner: job_local1800004832_0001
java.lang.NoClassDefFoundError: org/apache/http/client/methods/HttpUriRequest
	at org.apache.hadoop.mapred.LocalJobRunner$Job.run(LocalJobRunner.java:573)
Caused by: java.lang.ClassNotFoundException: org.apache.http.client.methods.HttpUriRequest
	at java.net.URLClassLoader$1.run(URLClassLoader.java:366)
	at java.net.URLClassLoader$1.run(URLClassLoader.java:355)
	at java.security.AccessController.doPrivileged(Native Method)
	at java.net.URLClassLoader.findClass(URLClassLoader.java:354)
	at java.lang.ClassLoader.loadClass(ClassLoader.java:425)
	at sun.misc.Launcher$AppClassLoader.loadClass(Launcher.java:308)
	at java.lang.ClassLoader.loadClass(ClassLoader.java:358)
	... 1 more
2017-03-05 00:51:20,450 INFO org.apache.hadoop.mapreduce.Job:  map 100% reduce 100%
2017-03-05 00:51:20,451 INFO org.apache.hadoop.mapreduce.Job: Job job_local1800004832_0001 failed with state FAILED due to: NA
2017-03-05 00:51:20,562 INFO org.apache.hadoop.mapreduce.Job: Counters: 30
	File System Counters
		FILE: Number of bytes read=291728924
		FILE: Number of bytes written=43919209
		FILE: Number of read operations=0
		FILE: Number of large read operations=0
		FILE: Number of write operations=0
	Map-Reduce Framework
		Map input records=1669957
		Map output records=692912
		Map output bytes=8856008
		Map output materialized bytes=10241850
		Input split bytes=333
		Combine input records=0
		Combine output records=0
		Reduce input groups=77
		Reduce shuffle bytes=10241850
		Reduce input records=692912
		Reduce output records=77
		Spilled Records=1385824
		Shuffled Maps =3
		Failed Shuffles=0
		Merged Map outputs=3
		GC time elapsed (ms)=138
		Total committed heap usage (bytes)=814759936
	Shuffle Errors
		BAD_ID=0
		CONNECTION=0
		IO_ERROR=0
		WRONG_LENGTH=0
		WRONG_MAP=0
		WRONG_REDUCE=0
	File Input Format Counters 
		Bytes Read=85283046
	File Output Format Counters 
		Bytes Written=1466
2017-03-05 01:05:30,379 WARN org.apache.hadoop.util.NativeCodeLoader: Unable to load native-hadoop library for your platform... using builtin-java classes where applicable
2017-03-05 01:05:31,358 INFO org.apache.hadoop.conf.Configuration.deprecation: session.id is deprecated. Instead, use dfs.metrics.session-id
2017-03-05 01:05:31,369 INFO org.apache.hadoop.metrics.jvm.JvmMetrics: Initializing JVM Metrics with processName=JobTracker, sessionId=
2017-03-05 01:05:31,447 WARN org.apache.hadoop.security.UserGroupInformation: PriviledgedActionException as:cloudera (auth:SIMPLE) cause:org.apache.hadoop.mapred.FileAlreadyExistsException: Output directory file:/home/cloudera/TP/output already exists
2017-03-05 01:06:24,526 WARN org.apache.hadoop.util.NativeCodeLoader: Unable to load native-hadoop library for your platform... using builtin-java classes where applicable
2017-03-05 01:06:25,059 INFO org.apache.hadoop.conf.Configuration.deprecation: session.id is deprecated. Instead, use dfs.metrics.session-id
2017-03-05 01:06:25,063 INFO org.apache.hadoop.metrics.jvm.JvmMetrics: Initializing JVM Metrics with processName=JobTracker, sessionId=
2017-03-05 01:06:25,703 WARN org.apache.hadoop.mapreduce.JobResourceUploader: No job jar file set.  User classes may not be found. See Job or Job#setJar(String).
2017-03-05 01:06:25,710 INFO org.apache.hadoop.mapreduce.lib.input.FileInputFormat: Total input paths to process : 1
2017-03-05 01:06:25,783 INFO org.apache.hadoop.mapreduce.JobSubmitter: number of splits:3
2017-03-05 01:06:26,237 INFO org.apache.hadoop.mapreduce.JobSubmitter: Submitting tokens for job: job_local1334435337_0001
2017-03-05 01:06:26,770 INFO org.apache.hadoop.mapreduce.Job: The url to track the job: http://localhost:8080/
2017-03-05 01:06:26,771 INFO org.apache.hadoop.mapreduce.Job: Running job: job_local1334435337_0001
2017-03-05 01:06:26,777 INFO org.apache.hadoop.mapred.LocalJobRunner: OutputCommitter set in config null
2017-03-05 01:06:26,807 INFO org.apache.hadoop.mapreduce.lib.output.FileOutputCommitter: File Output Committer Algorithm version is 1
2017-03-05 01:06:26,812 INFO org.apache.hadoop.mapred.LocalJobRunner: OutputCommitter is org.apache.hadoop.mapreduce.lib.output.FileOutputCommitter
2017-03-05 01:06:26,914 INFO org.apache.hadoop.mapred.LocalJobRunner: Waiting for map tasks
2017-03-05 01:06:26,916 INFO org.apache.hadoop.mapred.LocalJobRunner: Starting task: attempt_local1334435337_0001_m_000000_0
2017-03-05 01:06:27,006 INFO org.apache.hadoop.mapreduce.lib.output.FileOutputCommitter: File Output Committer Algorithm version is 1
2017-03-05 01:06:27,100 INFO org.apache.hadoop.mapred.Task:  Using ResourceCalculatorProcessTree : [ ]
2017-03-05 01:06:27,103 INFO org.apache.hadoop.mapred.MapTask: Processing split: file:/home/cloudera/TP/data/purchases.txt.part:0+33554432
2017-03-05 01:06:27,178 INFO org.apache.hadoop.mapred.MapTask: (EQUATOR) 0 kvi 26214396(104857584)
2017-03-05 01:06:27,178 INFO org.apache.hadoop.mapred.MapTask: mapreduce.task.io.sort.mb: 100
2017-03-05 01:06:27,178 INFO org.apache.hadoop.mapred.MapTask: soft limit at 83886080
2017-03-05 01:06:27,178 INFO org.apache.hadoop.mapred.MapTask: bufstart = 0; bufvoid = 104857600
2017-03-05 01:06:27,178 INFO org.apache.hadoop.mapred.MapTask: kvstart = 26214396; length = 6553600
2017-03-05 01:06:27,182 INFO org.apache.hadoop.mapred.MapTask: Map output collector class = org.apache.hadoop.mapred.MapTask$MapOutputBuffer
2017-03-05 01:06:27,776 INFO org.apache.hadoop.mapreduce.Job: Job job_local1334435337_0001 running in uber mode : false
2017-03-05 01:06:27,789 INFO org.apache.hadoop.mapreduce.Job:  map 0% reduce 0%
2017-03-05 01:06:30,117 INFO org.apache.hadoop.mapred.LocalJobRunner: 
2017-03-05 01:06:30,118 INFO org.apache.hadoop.mapred.MapTask: Starting flush of map output
2017-03-05 01:06:30,118 INFO org.apache.hadoop.mapred.MapTask: Spilling map output
2017-03-05 01:06:30,118 INFO org.apache.hadoop.mapred.MapTask: bufstart = 0; bufend = 3476990; bufvoid = 104857600
2017-03-05 01:06:30,118 INFO org.apache.hadoop.mapred.MapTask: kvstart = 26214396(104857584); kvend = 25125932(100503728); length = 1088465/6553600
2017-03-05 01:06:30,705 INFO org.apache.hadoop.mapred.MapTask: Finished spill 0
2017-03-05 01:06:30,711 INFO org.apache.hadoop.mapred.Task: Task:attempt_local1334435337_0001_m_000000_0 is done. And is in the process of committing
2017-03-05 01:06:30,741 INFO org.apache.hadoop.mapred.LocalJobRunner: map
2017-03-05 01:06:30,741 INFO org.apache.hadoop.mapred.Task: Task 'attempt_local1334435337_0001_m_000000_0' done.
2017-03-05 01:06:30,741 INFO org.apache.hadoop.mapred.LocalJobRunner: Finishing task: attempt_local1334435337_0001_m_000000_0
2017-03-05 01:06:30,741 INFO org.apache.hadoop.mapred.LocalJobRunner: Starting task: attempt_local1334435337_0001_m_000001_0
2017-03-05 01:06:30,742 INFO org.apache.hadoop.mapreduce.lib.output.FileOutputCommitter: File Output Committer Algorithm version is 1
2017-03-05 01:06:30,742 INFO org.apache.hadoop.mapred.Task:  Using ResourceCalculatorProcessTree : [ ]
2017-03-05 01:06:30,745 INFO org.apache.hadoop.mapred.MapTask: Processing split: file:/home/cloudera/TP/data/purchases.txt.part:33554432+33554432
2017-03-05 01:06:30,787 INFO org.apache.hadoop.mapred.MapTask: (EQUATOR) 0 kvi 26214396(104857584)
2017-03-05 01:06:30,787 INFO org.apache.hadoop.mapred.MapTask: mapreduce.task.io.sort.mb: 100
2017-03-05 01:06:30,788 INFO org.apache.hadoop.mapred.MapTask: soft limit at 83886080
2017-03-05 01:06:30,788 INFO org.apache.hadoop.mapred.MapTask: bufstart = 0; bufvoid = 104857600
2017-03-05 01:06:30,788 INFO org.apache.hadoop.mapred.MapTask: kvstart = 26214396; length = 6553600
2017-03-05 01:06:30,788 INFO org.apache.hadoop.mapred.MapTask: Map output collector class = org.apache.hadoop.mapred.MapTask$MapOutputBuffer
2017-03-05 01:06:30,792 INFO org.apache.hadoop.mapreduce.Job:  map 100% reduce 0%
2017-03-05 01:06:32,543 INFO org.apache.hadoop.mapred.LocalJobRunner: 
2017-03-05 01:06:32,543 INFO org.apache.hadoop.mapred.MapTask: Starting flush of map output
2017-03-05 01:06:32,543 INFO org.apache.hadoop.mapred.MapTask: Spilling map output
2017-03-05 01:06:32,543 INFO org.apache.hadoop.mapred.MapTask: bufstart = 0; bufend = 3494747; bufvoid = 104857600
2017-03-05 01:06:32,543 INFO org.apache.hadoop.mapred.MapTask: kvstart = 26214396(104857584); kvend = 25120704(100482816); length = 1093693/6553600
2017-03-05 01:06:32,793 INFO org.apache.hadoop.mapreduce.Job:  map 33% reduce 0%
2017-03-05 01:06:32,838 INFO org.apache.hadoop.mapred.MapTask: Finished spill 0
2017-03-05 01:06:32,839 INFO org.apache.hadoop.mapred.Task: Task:attempt_local1334435337_0001_m_000001_0 is done. And is in the process of committing
2017-03-05 01:06:32,840 INFO org.apache.hadoop.mapred.LocalJobRunner: map
2017-03-05 01:06:32,840 INFO org.apache.hadoop.mapred.Task: Task 'attempt_local1334435337_0001_m_000001_0' done.
2017-03-05 01:06:32,840 INFO org.apache.hadoop.mapred.LocalJobRunner: Finishing task: attempt_local1334435337_0001_m_000001_0
2017-03-05 01:06:32,840 INFO org.apache.hadoop.mapred.LocalJobRunner: Starting task: attempt_local1334435337_0001_m_000002_0
2017-03-05 01:06:32,841 INFO org.apache.hadoop.mapreduce.lib.output.FileOutputCommitter: File Output Committer Algorithm version is 1
2017-03-05 01:06:32,841 INFO org.apache.hadoop.mapred.Task:  Using ResourceCalculatorProcessTree : [ ]
2017-03-05 01:06:32,843 INFO org.apache.hadoop.mapred.MapTask: Processing split: file:/home/cloudera/TP/data/purchases.txt.part:67108864+18165990
2017-03-05 01:06:32,887 INFO org.apache.hadoop.mapred.MapTask: (EQUATOR) 0 kvi 26214396(104857584)
2017-03-05 01:06:32,887 INFO org.apache.hadoop.mapred.MapTask: mapreduce.task.io.sort.mb: 100
2017-03-05 01:06:32,887 INFO org.apache.hadoop.mapred.MapTask: soft limit at 83886080
2017-03-05 01:06:32,887 INFO org.apache.hadoop.mapred.MapTask: bufstart = 0; bufvoid = 104857600
2017-03-05 01:06:32,887 INFO org.apache.hadoop.mapred.MapTask: kvstart = 26214396; length = 6553600
2017-03-05 01:06:32,888 INFO org.apache.hadoop.mapred.MapTask: Map output collector class = org.apache.hadoop.mapred.MapTask$MapOutputBuffer
2017-03-05 01:06:33,794 INFO org.apache.hadoop.mapreduce.Job:  map 100% reduce 0%
2017-03-05 01:06:33,907 INFO org.apache.hadoop.mapred.LocalJobRunner: 
2017-03-05 01:06:33,907 INFO org.apache.hadoop.mapred.MapTask: Starting flush of map output
2017-03-05 01:06:33,907 INFO org.apache.hadoop.mapred.MapTask: Spilling map output
2017-03-05 01:06:33,907 INFO org.apache.hadoop.mapred.MapTask: bufstart = 0; bufend = 1884271; bufvoid = 104857600
2017-03-05 01:06:33,907 INFO org.apache.hadoop.mapred.MapTask: kvstart = 26214396(104857584); kvend = 25624916(102499664); length = 589481/6553600
2017-03-05 01:06:34,063 INFO org.apache.hadoop.mapred.MapTask: Finished spill 0
2017-03-05 01:06:34,065 INFO org.apache.hadoop.mapred.Task: Task:attempt_local1334435337_0001_m_000002_0 is done. And is in the process of committing
2017-03-05 01:06:34,066 INFO org.apache.hadoop.mapred.LocalJobRunner: map
2017-03-05 01:06:34,066 INFO org.apache.hadoop.mapred.Task: Task 'attempt_local1334435337_0001_m_000002_0' done.
2017-03-05 01:06:34,066 INFO org.apache.hadoop.mapred.LocalJobRunner: Finishing task: attempt_local1334435337_0001_m_000002_0
2017-03-05 01:06:34,066 INFO org.apache.hadoop.mapred.LocalJobRunner: map task executor complete.
2017-03-05 01:06:34,100 INFO org.apache.hadoop.mapred.LocalJobRunner: Waiting for reduce tasks
2017-03-05 01:06:34,100 INFO org.apache.hadoop.mapred.LocalJobRunner: Starting task: attempt_local1334435337_0001_r_000000_0
2017-03-05 01:06:34,106 INFO org.apache.hadoop.mapreduce.lib.output.FileOutputCommitter: File Output Committer Algorithm version is 1
2017-03-05 01:06:34,107 INFO org.apache.hadoop.mapred.Task:  Using ResourceCalculatorProcessTree : [ ]
2017-03-05 01:06:34,108 INFO org.apache.hadoop.mapred.ReduceTask: Using ShuffleConsumerPlugin: org.apache.hadoop.mapreduce.task.reduce.Shuffle@a746115
2017-03-05 01:06:34,136 INFO org.apache.hadoop.mapreduce.task.reduce.MergeManagerImpl: MergerManager: memoryLimit=662713152, maxSingleShuffleLimit=165678288, mergeThreshold=437390688, ioSortFactor=10, memToMemMergeOutputsThreshold=10
2017-03-05 01:06:34,138 INFO org.apache.hadoop.mapreduce.task.reduce.EventFetcher: attempt_local1334435337_0001_r_000000_0 Thread started: EventFetcher for fetching Map Completion Events
2017-03-05 01:06:34,213 INFO org.apache.hadoop.mapreduce.task.reduce.LocalFetcher: localfetcher#1 about to shuffle output of map attempt_local1334435337_0001_m_000000_0 decomp: 4021226 len: 4021230 to MEMORY
2017-03-05 01:06:34,242 INFO org.apache.hadoop.mapreduce.task.reduce.InMemoryMapOutput: Read 4021226 bytes from map-output for attempt_local1334435337_0001_m_000000_0
2017-03-05 01:06:34,247 INFO org.apache.hadoop.mapreduce.task.reduce.MergeManagerImpl: closeInMemoryFile -> map-output of size: 4021226, inMemoryMapOutputs.size() -> 1, commitMemory -> 0, usedMemory ->4021226
2017-03-05 01:06:34,259 INFO org.apache.hadoop.mapreduce.task.reduce.LocalFetcher: localfetcher#1 about to shuffle output of map attempt_local1334435337_0001_m_000002_0 decomp: 2179015 len: 2179019 to MEMORY
2017-03-05 01:06:34,270 INFO org.apache.hadoop.mapreduce.task.reduce.InMemoryMapOutput: Read 2179015 bytes from map-output for attempt_local1334435337_0001_m_000002_0
2017-03-05 01:06:34,274 INFO org.apache.hadoop.mapreduce.task.reduce.MergeManagerImpl: closeInMemoryFile -> map-output of size: 2179015, inMemoryMapOutputs.size() -> 2, commitMemory -> 4021226, usedMemory ->6200241
2017-03-05 01:06:34,276 INFO org.apache.hadoop.mapreduce.task.reduce.LocalFetcher: localfetcher#1 about to shuffle output of map attempt_local1334435337_0001_m_000001_0 decomp: 4041597 len: 4041601 to MEMORY
2017-03-05 01:06:34,290 INFO org.apache.hadoop.mapreduce.task.reduce.InMemoryMapOutput: Read 4041597 bytes from map-output for attempt_local1334435337_0001_m_000001_0
2017-03-05 01:06:34,294 INFO org.apache.hadoop.mapreduce.task.reduce.MergeManagerImpl: closeInMemoryFile -> map-output of size: 4041597, inMemoryMapOutputs.size() -> 3, commitMemory -> 6200241, usedMemory ->10241838
2017-03-05 01:06:34,294 INFO org.apache.hadoop.mapreduce.task.reduce.EventFetcher: EventFetcher is interrupted.. Returning
2017-03-05 01:06:34,295 INFO org.apache.hadoop.mapred.LocalJobRunner: 3 / 3 copied.
2017-03-05 01:06:34,296 INFO org.apache.hadoop.mapreduce.task.reduce.MergeManagerImpl: finalMerge called with 3 in-memory map-outputs and 0 on-disk map-outputs
2017-03-05 01:06:34,305 INFO org.apache.hadoop.mapred.Merger: Merging 3 sorted segments
2017-03-05 01:06:34,306 INFO org.apache.hadoop.mapred.Merger: Down to the last merge-pass, with 3 segments left of total size: 10241796 bytes
2017-03-05 01:06:35,268 INFO org.apache.hadoop.mapreduce.task.reduce.MergeManagerImpl: Merged 3 segments, 10241838 bytes to disk to satisfy reduce memory limit
2017-03-05 01:06:35,269 INFO org.apache.hadoop.mapreduce.task.reduce.MergeManagerImpl: Merging 1 files, 10241838 bytes from disk
2017-03-05 01:06:35,270 INFO org.apache.hadoop.mapreduce.task.reduce.MergeManagerImpl: Merging 0 segments, 0 bytes from memory into reduce
2017-03-05 01:06:35,270 INFO org.apache.hadoop.mapred.Merger: Merging 1 sorted segments
2017-03-05 01:06:35,270 INFO org.apache.hadoop.mapred.Merger: Down to the last merge-pass, with 1 segments left of total size: 10241820 bytes
2017-03-05 01:06:35,271 INFO org.apache.hadoop.mapred.LocalJobRunner: 3 / 3 copied.
2017-03-05 01:06:35,391 INFO org.apache.hadoop.conf.Configuration.deprecation: mapred.skip.on is deprecated. Instead, use mapreduce.job.skiprecords
2017-03-05 01:06:36,035 INFO org.apache.hadoop.mapred.Task: Task:attempt_local1334435337_0001_r_000000_0 is done. And is in the process of committing
2017-03-05 01:06:36,041 INFO org.apache.hadoop.mapred.LocalJobRunner: 3 / 3 copied.
2017-03-05 01:06:36,041 INFO org.apache.hadoop.mapred.Task: Task attempt_local1334435337_0001_r_000000_0 is allowed to commit now
2017-03-05 01:06:36,042 INFO org.apache.hadoop.mapreduce.lib.output.FileOutputCommitter: Saved output of task 'attempt_local1334435337_0001_r_000000_0' to file:/home/cloudera/TP/output/_temporary/0/task_local1334435337_0001_r_000000
2017-03-05 01:06:36,042 INFO org.apache.hadoop.mapred.LocalJobRunner: reduce > reduce
2017-03-05 01:06:36,044 INFO org.apache.hadoop.mapred.Task: Task 'attempt_local1334435337_0001_r_000000_0' done.
2017-03-05 01:06:36,044 INFO org.apache.hadoop.mapred.LocalJobRunner: Finishing task: attempt_local1334435337_0001_r_000000_0
2017-03-05 01:06:36,044 INFO org.apache.hadoop.mapred.LocalJobRunner: reduce task executor complete.
2017-03-05 01:06:36,076 WARN org.apache.hadoop.mapred.LocalJobRunner: job_local1334435337_0001
java.lang.NoClassDefFoundError: org/apache/http/client/methods/HttpUriRequest
	at org.apache.hadoop.mapred.LocalJobRunner$Job.run(LocalJobRunner.java:573)
Caused by: java.lang.ClassNotFoundException: org.apache.http.client.methods.HttpUriRequest
	at java.net.URLClassLoader$1.run(URLClassLoader.java:366)
	at java.net.URLClassLoader$1.run(URLClassLoader.java:355)
	at java.security.AccessController.doPrivileged(Native Method)
	at java.net.URLClassLoader.findClass(URLClassLoader.java:354)
	at java.lang.ClassLoader.loadClass(ClassLoader.java:425)
	at sun.misc.Launcher$AppClassLoader.loadClass(Launcher.java:308)
	at java.lang.ClassLoader.loadClass(ClassLoader.java:358)
	... 1 more
2017-03-05 01:06:36,796 INFO org.apache.hadoop.mapreduce.Job:  map 100% reduce 100%
2017-03-05 01:06:36,796 INFO org.apache.hadoop.mapreduce.Job: Job job_local1334435337_0001 failed with state FAILED due to: NA
2017-03-05 01:06:36,853 INFO org.apache.hadoop.mapreduce.Job: Counters: 30
	File System Counters
		FILE: Number of bytes read=291728924
		FILE: Number of bytes written=43919209
		FILE: Number of read operations=0
		FILE: Number of large read operations=0
		FILE: Number of write operations=0
	Map-Reduce Framework
		Map input records=1669957
		Map output records=692912
		Map output bytes=8856008
		Map output materialized bytes=10241850
		Input split bytes=333
		Combine input records=0
		Combine output records=0
		Reduce input groups=77
		Reduce shuffle bytes=10241850
		Reduce input records=692912
		Reduce output records=77
		Spilled Records=1385824
		Shuffled Maps =3
		Failed Shuffles=0
		Merged Map outputs=3
		GC time elapsed (ms)=171
		Total committed heap usage (bytes)=814759936
	Shuffle Errors
		BAD_ID=0
		CONNECTION=0
		IO_ERROR=0
		WRONG_LENGTH=0
		WRONG_MAP=0
		WRONG_REDUCE=0
	File Input Format Counters 
		Bytes Read=85283046
	File Output Format Counters 
		Bytes Written=1466
2017-03-05 01:11:11,016 WARN org.apache.hadoop.util.NativeCodeLoader: Unable to load native-hadoop library for your platform... using builtin-java classes where applicable
2017-03-05 01:11:11,598 INFO org.apache.hadoop.conf.Configuration.deprecation: session.id is deprecated. Instead, use dfs.metrics.session-id
2017-03-05 01:11:11,603 INFO org.apache.hadoop.metrics.jvm.JvmMetrics: Initializing JVM Metrics with processName=JobTracker, sessionId=
2017-03-05 01:11:12,170 WARN org.apache.hadoop.mapreduce.JobResourceUploader: No job jar file set.  User classes may not be found. See Job or Job#setJar(String).
2017-03-05 01:11:12,203 INFO org.apache.hadoop.mapreduce.lib.input.FileInputFormat: Total input paths to process : 1
2017-03-05 01:11:12,306 INFO org.apache.hadoop.mapreduce.JobSubmitter: number of splits:3
2017-03-05 01:11:12,772 INFO org.apache.hadoop.mapreduce.JobSubmitter: Submitting tokens for job: job_local920035683_0001
2017-03-05 01:11:13,239 INFO org.apache.hadoop.mapreduce.Job: The url to track the job: http://localhost:8080/
2017-03-05 01:11:13,240 INFO org.apache.hadoop.mapreduce.Job: Running job: job_local920035683_0001
2017-03-05 01:11:13,242 INFO org.apache.hadoop.mapred.LocalJobRunner: OutputCommitter set in config null
2017-03-05 01:11:13,276 INFO org.apache.hadoop.mapreduce.lib.output.FileOutputCommitter: File Output Committer Algorithm version is 1
2017-03-05 01:11:13,278 INFO org.apache.hadoop.mapred.LocalJobRunner: OutputCommitter is org.apache.hadoop.mapreduce.lib.output.FileOutputCommitter
2017-03-05 01:11:13,385 INFO org.apache.hadoop.mapred.LocalJobRunner: Waiting for map tasks
2017-03-05 01:11:13,386 INFO org.apache.hadoop.mapred.LocalJobRunner: Starting task: attempt_local920035683_0001_m_000000_0
2017-03-05 01:11:13,439 INFO org.apache.hadoop.mapreduce.lib.output.FileOutputCommitter: File Output Committer Algorithm version is 1
2017-03-05 01:11:13,540 INFO org.apache.hadoop.mapred.Task:  Using ResourceCalculatorProcessTree : [ ]
2017-03-05 01:11:13,542 INFO org.apache.hadoop.mapred.MapTask: Processing split: file:/home/cloudera/TP/data/purchases.txt.part:0+33554432
2017-03-05 01:11:13,617 INFO org.apache.hadoop.mapred.MapTask: (EQUATOR) 0 kvi 26214396(104857584)
2017-03-05 01:11:13,617 INFO org.apache.hadoop.mapred.MapTask: mapreduce.task.io.sort.mb: 100
2017-03-05 01:11:13,617 INFO org.apache.hadoop.mapred.MapTask: soft limit at 83886080
2017-03-05 01:11:13,617 INFO org.apache.hadoop.mapred.MapTask: bufstart = 0; bufvoid = 104857600
2017-03-05 01:11:13,617 INFO org.apache.hadoop.mapred.MapTask: kvstart = 26214396; length = 6553600
2017-03-05 01:11:13,620 INFO org.apache.hadoop.mapred.MapTask: Map output collector class = org.apache.hadoop.mapred.MapTask$MapOutputBuffer
2017-03-05 01:11:14,241 INFO org.apache.hadoop.mapreduce.Job: Job job_local920035683_0001 running in uber mode : false
2017-03-05 01:11:14,243 INFO org.apache.hadoop.mapreduce.Job:  map 0% reduce 0%
2017-03-05 01:11:16,471 INFO org.apache.hadoop.mapred.LocalJobRunner: 
2017-03-05 01:11:16,472 INFO org.apache.hadoop.mapred.MapTask: Starting flush of map output
2017-03-05 01:11:16,472 INFO org.apache.hadoop.mapred.MapTask: Spilling map output
2017-03-05 01:11:16,472 INFO org.apache.hadoop.mapred.MapTask: bufstart = 0; bufend = 3476990; bufvoid = 104857600
2017-03-05 01:11:16,472 INFO org.apache.hadoop.mapred.MapTask: kvstart = 26214396(104857584); kvend = 25125932(100503728); length = 1088465/6553600
2017-03-05 01:11:17,129 INFO org.apache.hadoop.mapred.MapTask: Finished spill 0
2017-03-05 01:11:17,165 INFO org.apache.hadoop.mapred.Task: Task:attempt_local920035683_0001_m_000000_0 is done. And is in the process of committing
2017-03-05 01:11:17,207 INFO org.apache.hadoop.mapred.LocalJobRunner: map
2017-03-05 01:11:17,208 INFO org.apache.hadoop.mapred.Task: Task 'attempt_local920035683_0001_m_000000_0' done.
2017-03-05 01:11:17,208 INFO org.apache.hadoop.mapred.LocalJobRunner: Finishing task: attempt_local920035683_0001_m_000000_0
2017-03-05 01:11:17,208 INFO org.apache.hadoop.mapred.LocalJobRunner: Starting task: attempt_local920035683_0001_m_000001_0
2017-03-05 01:11:17,209 INFO org.apache.hadoop.mapreduce.lib.output.FileOutputCommitter: File Output Committer Algorithm version is 1
2017-03-05 01:11:17,209 INFO org.apache.hadoop.mapred.Task:  Using ResourceCalculatorProcessTree : [ ]
2017-03-05 01:11:17,212 INFO org.apache.hadoop.mapred.MapTask: Processing split: file:/home/cloudera/TP/data/purchases.txt.part:33554432+33554432
2017-03-05 01:11:17,247 INFO org.apache.hadoop.mapreduce.Job:  map 100% reduce 0%
2017-03-05 01:11:17,252 INFO org.apache.hadoop.mapred.MapTask: (EQUATOR) 0 kvi 26214396(104857584)
2017-03-05 01:11:17,252 INFO org.apache.hadoop.mapred.MapTask: mapreduce.task.io.sort.mb: 100
2017-03-05 01:11:17,252 INFO org.apache.hadoop.mapred.MapTask: soft limit at 83886080
2017-03-05 01:11:17,252 INFO org.apache.hadoop.mapred.MapTask: bufstart = 0; bufvoid = 104857600
2017-03-05 01:11:17,253 INFO org.apache.hadoop.mapred.MapTask: kvstart = 26214396; length = 6553600
2017-03-05 01:11:17,253 INFO org.apache.hadoop.mapred.MapTask: Map output collector class = org.apache.hadoop.mapred.MapTask$MapOutputBuffer
2017-03-05 01:11:18,947 INFO org.apache.hadoop.mapred.LocalJobRunner: 
2017-03-05 01:11:18,947 INFO org.apache.hadoop.mapred.MapTask: Starting flush of map output
2017-03-05 01:11:18,947 INFO org.apache.hadoop.mapred.MapTask: Spilling map output
2017-03-05 01:11:18,947 INFO org.apache.hadoop.mapred.MapTask: bufstart = 0; bufend = 3494747; bufvoid = 104857600
2017-03-05 01:11:18,947 INFO org.apache.hadoop.mapred.MapTask: kvstart = 26214396(104857584); kvend = 25120704(100482816); length = 1093693/6553600
2017-03-05 01:11:19,227 INFO org.apache.hadoop.mapred.MapTask: Finished spill 0
2017-03-05 01:11:19,228 INFO org.apache.hadoop.mapred.Task: Task:attempt_local920035683_0001_m_000001_0 is done. And is in the process of committing
2017-03-05 01:11:19,229 INFO org.apache.hadoop.mapred.LocalJobRunner: map
2017-03-05 01:11:19,230 INFO org.apache.hadoop.mapred.Task: Task 'attempt_local920035683_0001_m_000001_0' done.
2017-03-05 01:11:19,230 INFO org.apache.hadoop.mapred.LocalJobRunner: Finishing task: attempt_local920035683_0001_m_000001_0
2017-03-05 01:11:19,230 INFO org.apache.hadoop.mapred.LocalJobRunner: Starting task: attempt_local920035683_0001_m_000002_0
2017-03-05 01:11:19,231 INFO org.apache.hadoop.mapreduce.lib.output.FileOutputCommitter: File Output Committer Algorithm version is 1
2017-03-05 01:11:19,231 INFO org.apache.hadoop.mapred.Task:  Using ResourceCalculatorProcessTree : [ ]
2017-03-05 01:11:19,232 INFO org.apache.hadoop.mapred.MapTask: Processing split: file:/home/cloudera/TP/data/purchases.txt.part:67108864+18165990
2017-03-05 01:11:19,271 INFO org.apache.hadoop.mapred.MapTask: (EQUATOR) 0 kvi 26214396(104857584)
2017-03-05 01:11:19,271 INFO org.apache.hadoop.mapred.MapTask: mapreduce.task.io.sort.mb: 100
2017-03-05 01:11:19,271 INFO org.apache.hadoop.mapred.MapTask: soft limit at 83886080
2017-03-05 01:11:19,271 INFO org.apache.hadoop.mapred.MapTask: bufstart = 0; bufvoid = 104857600
2017-03-05 01:11:19,271 INFO org.apache.hadoop.mapred.MapTask: kvstart = 26214396; length = 6553600
2017-03-05 01:11:19,272 INFO org.apache.hadoop.mapred.MapTask: Map output collector class = org.apache.hadoop.mapred.MapTask$MapOutputBuffer
2017-03-05 01:11:20,267 INFO org.apache.hadoop.mapred.LocalJobRunner: 
2017-03-05 01:11:20,267 INFO org.apache.hadoop.mapred.MapTask: Starting flush of map output
2017-03-05 01:11:20,267 INFO org.apache.hadoop.mapred.MapTask: Spilling map output
2017-03-05 01:11:20,267 INFO org.apache.hadoop.mapred.MapTask: bufstart = 0; bufend = 1884271; bufvoid = 104857600
2017-03-05 01:11:20,267 INFO org.apache.hadoop.mapred.MapTask: kvstart = 26214396(104857584); kvend = 25624916(102499664); length = 589481/6553600
2017-03-05 01:11:20,393 INFO org.apache.hadoop.mapred.MapTask: Finished spill 0
2017-03-05 01:11:20,394 INFO org.apache.hadoop.mapred.Task: Task:attempt_local920035683_0001_m_000002_0 is done. And is in the process of committing
2017-03-05 01:11:20,395 INFO org.apache.hadoop.mapred.LocalJobRunner: map
2017-03-05 01:11:20,395 INFO org.apache.hadoop.mapred.Task: Task 'attempt_local920035683_0001_m_000002_0' done.
2017-03-05 01:11:20,395 INFO org.apache.hadoop.mapred.LocalJobRunner: Finishing task: attempt_local920035683_0001_m_000002_0
2017-03-05 01:11:20,395 INFO org.apache.hadoop.mapred.LocalJobRunner: map task executor complete.
2017-03-05 01:11:20,424 INFO org.apache.hadoop.mapred.LocalJobRunner: Waiting for reduce tasks
2017-03-05 01:11:20,424 INFO org.apache.hadoop.mapred.LocalJobRunner: Starting task: attempt_local920035683_0001_r_000000_0
2017-03-05 01:11:20,431 INFO org.apache.hadoop.mapreduce.lib.output.FileOutputCommitter: File Output Committer Algorithm version is 1
2017-03-05 01:11:20,431 INFO org.apache.hadoop.mapred.Task:  Using ResourceCalculatorProcessTree : [ ]
2017-03-05 01:11:20,433 INFO org.apache.hadoop.mapred.ReduceTask: Using ShuffleConsumerPlugin: org.apache.hadoop.mapreduce.task.reduce.Shuffle@2e7c324a
2017-03-05 01:11:20,458 INFO org.apache.hadoop.mapreduce.task.reduce.MergeManagerImpl: MergerManager: memoryLimit=662713152, maxSingleShuffleLimit=165678288, mergeThreshold=437390688, ioSortFactor=10, memToMemMergeOutputsThreshold=10
2017-03-05 01:11:20,460 INFO org.apache.hadoop.mapreduce.task.reduce.EventFetcher: attempt_local920035683_0001_r_000000_0 Thread started: EventFetcher for fetching Map Completion Events
2017-03-05 01:11:20,523 INFO org.apache.hadoop.mapreduce.task.reduce.LocalFetcher: localfetcher#1 about to shuffle output of map attempt_local920035683_0001_m_000001_0 decomp: 4041597 len: 4041601 to MEMORY
2017-03-05 01:11:20,535 INFO org.apache.hadoop.mapreduce.task.reduce.InMemoryMapOutput: Read 4041597 bytes from map-output for attempt_local920035683_0001_m_000001_0
2017-03-05 01:11:20,537 INFO org.apache.hadoop.mapreduce.task.reduce.MergeManagerImpl: closeInMemoryFile -> map-output of size: 4041597, inMemoryMapOutputs.size() -> 1, commitMemory -> 0, usedMemory ->4041597
2017-03-05 01:11:20,539 INFO org.apache.hadoop.mapreduce.task.reduce.LocalFetcher: localfetcher#1 about to shuffle output of map attempt_local920035683_0001_m_000000_0 decomp: 4021226 len: 4021230 to MEMORY
2017-03-05 01:11:20,548 INFO org.apache.hadoop.mapreduce.task.reduce.InMemoryMapOutput: Read 4021226 bytes from map-output for attempt_local920035683_0001_m_000000_0
2017-03-05 01:11:20,548 INFO org.apache.hadoop.mapreduce.task.reduce.MergeManagerImpl: closeInMemoryFile -> map-output of size: 4021226, inMemoryMapOutputs.size() -> 2, commitMemory -> 4041597, usedMemory ->8062823
2017-03-05 01:11:20,549 INFO org.apache.hadoop.mapreduce.task.reduce.LocalFetcher: localfetcher#1 about to shuffle output of map attempt_local920035683_0001_m_000002_0 decomp: 2179015 len: 2179019 to MEMORY
2017-03-05 01:11:20,554 INFO org.apache.hadoop.mapreduce.task.reduce.InMemoryMapOutput: Read 2179015 bytes from map-output for attempt_local920035683_0001_m_000002_0
2017-03-05 01:11:20,554 INFO org.apache.hadoop.mapreduce.task.reduce.MergeManagerImpl: closeInMemoryFile -> map-output of size: 2179015, inMemoryMapOutputs.size() -> 3, commitMemory -> 8062823, usedMemory ->10241838
2017-03-05 01:11:20,555 INFO org.apache.hadoop.mapreduce.task.reduce.EventFetcher: EventFetcher is interrupted.. Returning
2017-03-05 01:11:20,556 INFO org.apache.hadoop.mapred.LocalJobRunner: 3 / 3 copied.
2017-03-05 01:11:20,557 INFO org.apache.hadoop.mapreduce.task.reduce.MergeManagerImpl: finalMerge called with 3 in-memory map-outputs and 0 on-disk map-outputs
2017-03-05 01:11:20,598 INFO org.apache.hadoop.mapred.Merger: Merging 3 sorted segments
2017-03-05 01:11:20,598 INFO org.apache.hadoop.mapred.Merger: Down to the last merge-pass, with 3 segments left of total size: 10241796 bytes
2017-03-05 01:11:21,150 INFO org.apache.hadoop.mapreduce.task.reduce.MergeManagerImpl: Merged 3 segments, 10241838 bytes to disk to satisfy reduce memory limit
2017-03-05 01:11:21,150 INFO org.apache.hadoop.mapreduce.task.reduce.MergeManagerImpl: Merging 1 files, 10241838 bytes from disk
2017-03-05 01:11:21,151 INFO org.apache.hadoop.mapreduce.task.reduce.MergeManagerImpl: Merging 0 segments, 0 bytes from memory into reduce
2017-03-05 01:11:21,151 INFO org.apache.hadoop.mapred.Merger: Merging 1 sorted segments
2017-03-05 01:11:21,152 INFO org.apache.hadoop.mapred.Merger: Down to the last merge-pass, with 1 segments left of total size: 10241820 bytes
2017-03-05 01:11:21,152 INFO org.apache.hadoop.mapred.LocalJobRunner: 3 / 3 copied.
2017-03-05 01:11:21,221 INFO org.apache.hadoop.conf.Configuration.deprecation: mapred.skip.on is deprecated. Instead, use mapreduce.job.skiprecords
2017-03-05 01:11:21,882 INFO org.apache.hadoop.mapred.Task: Task:attempt_local920035683_0001_r_000000_0 is done. And is in the process of committing
2017-03-05 01:11:21,887 INFO org.apache.hadoop.mapred.LocalJobRunner: 3 / 3 copied.
2017-03-05 01:11:21,887 INFO org.apache.hadoop.mapred.Task: Task attempt_local920035683_0001_r_000000_0 is allowed to commit now
2017-03-05 01:11:21,890 INFO org.apache.hadoop.mapreduce.lib.output.FileOutputCommitter: Saved output of task 'attempt_local920035683_0001_r_000000_0' to file:/home/cloudera/TP/output/_temporary/0/task_local920035683_0001_r_000000
2017-03-05 01:11:21,894 INFO org.apache.hadoop.mapred.LocalJobRunner: reduce > reduce
2017-03-05 01:11:21,894 INFO org.apache.hadoop.mapred.Task: Task 'attempt_local920035683_0001_r_000000_0' done.
2017-03-05 01:11:21,894 INFO org.apache.hadoop.mapred.LocalJobRunner: Finishing task: attempt_local920035683_0001_r_000000_0
2017-03-05 01:11:21,894 INFO org.apache.hadoop.mapred.LocalJobRunner: reduce task executor complete.
2017-03-05 01:11:21,913 WARN org.apache.hadoop.mapred.LocalJobRunner: job_local920035683_0001
java.lang.NoClassDefFoundError: org/apache/http/client/methods/HttpUriRequest
	at org.apache.hadoop.mapred.LocalJobRunner$Job.run(LocalJobRunner.java:573)
Caused by: java.lang.ClassNotFoundException: org.apache.http.client.methods.HttpUriRequest
	at java.net.URLClassLoader$1.run(URLClassLoader.java:366)
	at java.net.URLClassLoader$1.run(URLClassLoader.java:355)
	at java.security.AccessController.doPrivileged(Native Method)
	at java.net.URLClassLoader.findClass(URLClassLoader.java:354)
	at java.lang.ClassLoader.loadClass(ClassLoader.java:425)
	at sun.misc.Launcher$AppClassLoader.loadClass(Launcher.java:308)
	at java.lang.ClassLoader.loadClass(ClassLoader.java:358)
	... 1 more
2017-03-05 01:11:22,261 INFO org.apache.hadoop.mapreduce.Job:  map 100% reduce 100%
2017-03-05 01:11:22,262 INFO org.apache.hadoop.mapreduce.Job: Job job_local920035683_0001 failed with state FAILED due to: NA
2017-03-05 01:11:22,293 INFO org.apache.hadoop.mapreduce.Job: Counters: 30
	File System Counters
		FILE: Number of bytes read=291728924
		FILE: Number of bytes written=43913337
		FILE: Number of read operations=0
		FILE: Number of large read operations=0
		FILE: Number of write operations=0
	Map-Reduce Framework
		Map input records=1669957
		Map output records=692912
		Map output bytes=8856008
		Map output materialized bytes=10241850
		Input split bytes=333
		Combine input records=0
		Combine output records=0
		Reduce input groups=77
		Reduce shuffle bytes=10241850
		Reduce input records=692912
		Reduce output records=77
		Spilled Records=1385824
		Shuffled Maps =3
		Failed Shuffles=0
		Merged Map outputs=3
		GC time elapsed (ms)=158
		Total committed heap usage (bytes)=814759936
	Shuffle Errors
		BAD_ID=0
		CONNECTION=0
		IO_ERROR=0
		WRONG_LENGTH=0
		WRONG_MAP=0
		WRONG_REDUCE=0
	File Input Format Counters 
		Bytes Read=85283046
	File Output Format Counters 
		Bytes Written=1466
2017-03-05 02:08:59,290 WARN org.apache.hadoop.util.NativeCodeLoader: Unable to load native-hadoop library for your platform... using builtin-java classes where applicable
2017-03-05 02:09:26,307 WARN org.apache.hadoop.util.NativeCodeLoader: Unable to load native-hadoop library for your platform... using builtin-java classes where applicable
2017-03-05 02:09:26,877 INFO org.apache.hadoop.conf.Configuration.deprecation: session.id is deprecated. Instead, use dfs.metrics.session-id
2017-03-05 02:09:26,880 INFO org.apache.hadoop.metrics.jvm.JvmMetrics: Initializing JVM Metrics with processName=JobTracker, sessionId=
2017-03-05 02:09:27,335 WARN org.apache.hadoop.mapreduce.JobResourceUploader: No job jar file set.  User classes may not be found. See Job or Job#setJar(String).
2017-03-05 02:09:27,371 INFO org.apache.hadoop.mapreduce.lib.input.FileInputFormat: Total input paths to process : 1
2017-03-05 02:09:27,450 INFO org.apache.hadoop.mapreduce.JobSubmitter: number of splits:3
2017-03-05 02:09:27,928 INFO org.apache.hadoop.mapreduce.JobSubmitter: Submitting tokens for job: job_local130984915_0001
2017-03-05 02:09:28,386 INFO org.apache.hadoop.mapreduce.Job: The url to track the job: http://localhost:8080/
2017-03-05 02:09:28,386 INFO org.apache.hadoop.mapreduce.Job: Running job: job_local130984915_0001
2017-03-05 02:09:28,390 INFO org.apache.hadoop.mapred.LocalJobRunner: OutputCommitter set in config null
2017-03-05 02:09:28,410 INFO org.apache.hadoop.mapreduce.lib.output.FileOutputCommitter: File Output Committer Algorithm version is 1
2017-03-05 02:09:28,414 INFO org.apache.hadoop.mapred.LocalJobRunner: OutputCommitter is org.apache.hadoop.mapreduce.lib.output.FileOutputCommitter
2017-03-05 02:09:28,525 INFO org.apache.hadoop.mapred.LocalJobRunner: Waiting for map tasks
2017-03-05 02:09:28,526 INFO org.apache.hadoop.mapred.LocalJobRunner: Starting task: attempt_local130984915_0001_m_000000_0
2017-03-05 02:09:28,593 INFO org.apache.hadoop.mapreduce.lib.output.FileOutputCommitter: File Output Committer Algorithm version is 1
2017-03-05 02:09:28,688 INFO org.apache.hadoop.mapred.Task:  Using ResourceCalculatorProcessTree : [ ]
2017-03-05 02:09:28,694 INFO org.apache.hadoop.mapred.MapTask: Processing split: file:/home/cloudera/TP/data/purchases.txt.part:0+33554432
2017-03-05 02:09:28,798 INFO org.apache.hadoop.mapred.MapTask: (EQUATOR) 0 kvi 26214396(104857584)
2017-03-05 02:09:28,798 INFO org.apache.hadoop.mapred.MapTask: mapreduce.task.io.sort.mb: 100
2017-03-05 02:09:28,798 INFO org.apache.hadoop.mapred.MapTask: soft limit at 83886080
2017-03-05 02:09:28,799 INFO org.apache.hadoop.mapred.MapTask: bufstart = 0; bufvoid = 104857600
2017-03-05 02:09:28,799 INFO org.apache.hadoop.mapred.MapTask: kvstart = 26214396; length = 6553600
2017-03-05 02:09:28,802 INFO org.apache.hadoop.mapred.MapTask: Map output collector class = org.apache.hadoop.mapred.MapTask$MapOutputBuffer
2017-03-05 02:09:29,393 INFO org.apache.hadoop.mapreduce.Job: Job job_local130984915_0001 running in uber mode : false
2017-03-05 02:09:29,410 INFO org.apache.hadoop.mapreduce.Job:  map 0% reduce 0%
2017-03-05 02:09:31,597 INFO org.apache.hadoop.mapred.LocalJobRunner: 
2017-03-05 02:09:31,597 INFO org.apache.hadoop.mapred.MapTask: Starting flush of map output
2017-03-05 02:09:31,597 INFO org.apache.hadoop.mapred.MapTask: Spilling map output
2017-03-05 02:09:31,597 INFO org.apache.hadoop.mapred.MapTask: bufstart = 0; bufend = 2800397; bufvoid = 104857600
2017-03-05 02:09:31,597 INFO org.apache.hadoop.mapred.MapTask: kvstart = 26214396(104857584); kvend = 25125932(100503728); length = 1088465/6553600
2017-03-05 02:09:32,187 INFO org.apache.hadoop.mapred.MapTask: Finished spill 0
2017-03-05 02:09:32,191 INFO org.apache.hadoop.mapred.Task: Task:attempt_local130984915_0001_m_000000_0 is done. And is in the process of committing
2017-03-05 02:09:32,218 INFO org.apache.hadoop.mapred.LocalJobRunner: map
2017-03-05 02:09:32,218 INFO org.apache.hadoop.mapred.Task: Task 'attempt_local130984915_0001_m_000000_0' done.
2017-03-05 02:09:32,218 INFO org.apache.hadoop.mapred.LocalJobRunner: Finishing task: attempt_local130984915_0001_m_000000_0
2017-03-05 02:09:32,218 INFO org.apache.hadoop.mapred.LocalJobRunner: Starting task: attempt_local130984915_0001_m_000001_0
2017-03-05 02:09:32,219 INFO org.apache.hadoop.mapreduce.lib.output.FileOutputCommitter: File Output Committer Algorithm version is 1
2017-03-05 02:09:32,219 INFO org.apache.hadoop.mapred.Task:  Using ResourceCalculatorProcessTree : [ ]
2017-03-05 02:09:32,222 INFO org.apache.hadoop.mapred.MapTask: Processing split: file:/home/cloudera/TP/data/purchases.txt.part:33554432+33554432
2017-03-05 02:09:32,260 INFO org.apache.hadoop.mapred.MapTask: (EQUATOR) 0 kvi 26214396(104857584)
2017-03-05 02:09:32,260 INFO org.apache.hadoop.mapred.MapTask: mapreduce.task.io.sort.mb: 100
2017-03-05 02:09:32,260 INFO org.apache.hadoop.mapred.MapTask: soft limit at 83886080
2017-03-05 02:09:32,260 INFO org.apache.hadoop.mapred.MapTask: bufstart = 0; bufvoid = 104857600
2017-03-05 02:09:32,260 INFO org.apache.hadoop.mapred.MapTask: kvstart = 26214396; length = 6553600
2017-03-05 02:09:32,261 INFO org.apache.hadoop.mapred.MapTask: Map output collector class = org.apache.hadoop.mapred.MapTask$MapOutputBuffer
2017-03-05 02:09:32,414 INFO org.apache.hadoop.mapreduce.Job:  map 100% reduce 0%
2017-03-05 02:09:34,063 INFO org.apache.hadoop.mapred.LocalJobRunner: 
2017-03-05 02:09:34,063 INFO org.apache.hadoop.mapred.MapTask: Starting flush of map output
2017-03-05 02:09:34,063 INFO org.apache.hadoop.mapred.MapTask: Spilling map output
2017-03-05 02:09:34,063 INFO org.apache.hadoop.mapred.MapTask: bufstart = 0; bufend = 2814836; bufvoid = 104857600
2017-03-05 02:09:34,063 INFO org.apache.hadoop.mapred.MapTask: kvstart = 26214396(104857584); kvend = 25120704(100482816); length = 1093693/6553600
2017-03-05 02:09:34,270 INFO org.apache.hadoop.mapred.MapTask: Finished spill 0
2017-03-05 02:09:34,272 INFO org.apache.hadoop.mapred.Task: Task:attempt_local130984915_0001_m_000001_0 is done. And is in the process of committing
2017-03-05 02:09:34,273 INFO org.apache.hadoop.mapred.LocalJobRunner: map
2017-03-05 02:09:34,273 INFO org.apache.hadoop.mapred.Task: Task 'attempt_local130984915_0001_m_000001_0' done.
2017-03-05 02:09:34,273 INFO org.apache.hadoop.mapred.LocalJobRunner: Finishing task: attempt_local130984915_0001_m_000001_0
2017-03-05 02:09:34,273 INFO org.apache.hadoop.mapred.LocalJobRunner: Starting task: attempt_local130984915_0001_m_000002_0
2017-03-05 02:09:34,274 INFO org.apache.hadoop.mapreduce.lib.output.FileOutputCommitter: File Output Committer Algorithm version is 1
2017-03-05 02:09:34,274 INFO org.apache.hadoop.mapred.Task:  Using ResourceCalculatorProcessTree : [ ]
2017-03-05 02:09:34,275 INFO org.apache.hadoop.mapred.MapTask: Processing split: file:/home/cloudera/TP/data/purchases.txt.part:67108864+18165990
2017-03-05 02:09:34,326 INFO org.apache.hadoop.mapred.MapTask: (EQUATOR) 0 kvi 26214396(104857584)
2017-03-05 02:09:34,326 INFO org.apache.hadoop.mapred.MapTask: mapreduce.task.io.sort.mb: 100
2017-03-05 02:09:34,326 INFO org.apache.hadoop.mapred.MapTask: soft limit at 83886080
2017-03-05 02:09:34,326 INFO org.apache.hadoop.mapred.MapTask: bufstart = 0; bufvoid = 104857600
2017-03-05 02:09:34,326 INFO org.apache.hadoop.mapred.MapTask: kvstart = 26214396; length = 6553600
2017-03-05 02:09:34,326 INFO org.apache.hadoop.mapred.MapTask: Map output collector class = org.apache.hadoop.mapred.MapTask$MapOutputBuffer
2017-03-05 02:09:36,305 INFO org.apache.hadoop.mapred.LocalJobRunner: 
2017-03-05 02:09:36,305 INFO org.apache.hadoop.mapred.MapTask: Starting flush of map output
2017-03-05 02:09:36,305 INFO org.apache.hadoop.mapred.MapTask: Spilling map output
2017-03-05 02:09:36,306 INFO org.apache.hadoop.mapred.MapTask: bufstart = 0; bufend = 1518473; bufvoid = 104857600
2017-03-05 02:09:36,306 INFO org.apache.hadoop.mapred.MapTask: kvstart = 26214396(104857584); kvend = 25624916(102499664); length = 589481/6553600
2017-03-05 02:09:36,403 INFO org.apache.hadoop.mapred.MapTask: Finished spill 0
2017-03-05 02:09:36,404 INFO org.apache.hadoop.mapred.Task: Task:attempt_local130984915_0001_m_000002_0 is done. And is in the process of committing
2017-03-05 02:09:36,405 INFO org.apache.hadoop.mapred.LocalJobRunner: map
2017-03-05 02:09:36,406 INFO org.apache.hadoop.mapred.Task: Task 'attempt_local130984915_0001_m_000002_0' done.
2017-03-05 02:09:36,406 INFO org.apache.hadoop.mapred.LocalJobRunner: Finishing task: attempt_local130984915_0001_m_000002_0
2017-03-05 02:09:36,406 INFO org.apache.hadoop.mapred.LocalJobRunner: map task executor complete.
2017-03-05 02:09:36,453 INFO org.apache.hadoop.mapred.LocalJobRunner: Waiting for reduce tasks
2017-03-05 02:09:36,454 INFO org.apache.hadoop.mapred.LocalJobRunner: Starting task: attempt_local130984915_0001_r_000000_0
2017-03-05 02:09:36,473 INFO org.apache.hadoop.mapreduce.lib.output.FileOutputCommitter: File Output Committer Algorithm version is 1
2017-03-05 02:09:36,473 INFO org.apache.hadoop.mapred.Task:  Using ResourceCalculatorProcessTree : [ ]
2017-03-05 02:09:36,515 INFO org.apache.hadoop.mapred.ReduceTask: Using ShuffleConsumerPlugin: org.apache.hadoop.mapreduce.task.reduce.Shuffle@36afba3
2017-03-05 02:09:36,626 INFO org.apache.hadoop.mapreduce.task.reduce.MergeManagerImpl: MergerManager: memoryLimit=662713152, maxSingleShuffleLimit=165678288, mergeThreshold=437390688, ioSortFactor=10, memToMemMergeOutputsThreshold=10
2017-03-05 02:09:36,628 INFO org.apache.hadoop.mapreduce.task.reduce.EventFetcher: attempt_local130984915_0001_r_000000_0 Thread started: EventFetcher for fetching Map Completion Events
2017-03-05 02:09:36,837 INFO org.apache.hadoop.mapreduce.task.reduce.LocalFetcher: localfetcher#1 about to shuffle output of map attempt_local130984915_0001_m_000002_0 decomp: 1813217 len: 1813221 to MEMORY
2017-03-05 02:09:36,844 INFO org.apache.hadoop.mapreduce.task.reduce.InMemoryMapOutput: Read 1813217 bytes from map-output for attempt_local130984915_0001_m_000002_0
2017-03-05 02:09:36,849 INFO org.apache.hadoop.mapreduce.task.reduce.MergeManagerImpl: closeInMemoryFile -> map-output of size: 1813217, inMemoryMapOutputs.size() -> 1, commitMemory -> 0, usedMemory ->1813217
2017-03-05 02:09:36,856 INFO org.apache.hadoop.mapreduce.task.reduce.LocalFetcher: localfetcher#1 about to shuffle output of map attempt_local130984915_0001_m_000000_0 decomp: 3344633 len: 3344637 to MEMORY
2017-03-05 02:09:36,863 INFO org.apache.hadoop.mapreduce.task.reduce.InMemoryMapOutput: Read 3344633 bytes from map-output for attempt_local130984915_0001_m_000000_0
2017-03-05 02:09:36,863 INFO org.apache.hadoop.mapreduce.task.reduce.MergeManagerImpl: closeInMemoryFile -> map-output of size: 3344633, inMemoryMapOutputs.size() -> 2, commitMemory -> 1813217, usedMemory ->5157850
2017-03-05 02:09:36,865 INFO org.apache.hadoop.mapreduce.task.reduce.LocalFetcher: localfetcher#1 about to shuffle output of map attempt_local130984915_0001_m_000001_0 decomp: 3361686 len: 3361690 to MEMORY
2017-03-05 02:09:36,872 INFO org.apache.hadoop.mapreduce.task.reduce.InMemoryMapOutput: Read 3361686 bytes from map-output for attempt_local130984915_0001_m_000001_0
2017-03-05 02:09:36,872 INFO org.apache.hadoop.mapreduce.task.reduce.MergeManagerImpl: closeInMemoryFile -> map-output of size: 3361686, inMemoryMapOutputs.size() -> 3, commitMemory -> 5157850, usedMemory ->8519536
2017-03-05 02:09:36,872 INFO org.apache.hadoop.mapreduce.task.reduce.EventFetcher: EventFetcher is interrupted.. Returning
2017-03-05 02:09:36,873 INFO org.apache.hadoop.mapred.LocalJobRunner: 3 / 3 copied.
2017-03-05 02:09:36,874 INFO org.apache.hadoop.mapreduce.task.reduce.MergeManagerImpl: finalMerge called with 3 in-memory map-outputs and 0 on-disk map-outputs
2017-03-05 02:09:36,879 INFO org.apache.hadoop.mapred.Merger: Merging 3 sorted segments
2017-03-05 02:09:36,880 INFO org.apache.hadoop.mapred.Merger: Down to the last merge-pass, with 3 segments left of total size: 8519515 bytes
2017-03-05 02:09:37,405 INFO org.apache.hadoop.mapreduce.task.reduce.MergeManagerImpl: Merged 3 segments, 8519536 bytes to disk to satisfy reduce memory limit
2017-03-05 02:09:37,405 INFO org.apache.hadoop.mapreduce.task.reduce.MergeManagerImpl: Merging 1 files, 8519536 bytes from disk
2017-03-05 02:09:37,407 INFO org.apache.hadoop.mapreduce.task.reduce.MergeManagerImpl: Merging 0 segments, 0 bytes from memory into reduce
2017-03-05 02:09:37,407 INFO org.apache.hadoop.mapred.Merger: Merging 1 sorted segments
2017-03-05 02:09:37,408 INFO org.apache.hadoop.mapred.Merger: Down to the last merge-pass, with 1 segments left of total size: 8519525 bytes
2017-03-05 02:09:37,408 INFO org.apache.hadoop.mapred.LocalJobRunner: 3 / 3 copied.
2017-03-05 02:09:37,550 INFO org.apache.hadoop.conf.Configuration.deprecation: mapred.skip.on is deprecated. Instead, use mapreduce.job.skiprecords
2017-03-05 02:09:38,287 INFO org.apache.hadoop.mapred.Task: Task:attempt_local130984915_0001_r_000000_0 is done. And is in the process of committing
2017-03-05 02:09:38,293 INFO org.apache.hadoop.mapred.LocalJobRunner: 3 / 3 copied.
2017-03-05 02:09:38,293 INFO org.apache.hadoop.mapred.Task: Task attempt_local130984915_0001_r_000000_0 is allowed to commit now
2017-03-05 02:09:38,294 INFO org.apache.hadoop.mapreduce.lib.output.FileOutputCommitter: Saved output of task 'attempt_local130984915_0001_r_000000_0' to file:/home/cloudera/TP/outputActivity5/_temporary/0/task_local130984915_0001_r_000000
2017-03-05 02:09:38,297 INFO org.apache.hadoop.mapred.LocalJobRunner: reduce > reduce
2017-03-05 02:09:38,297 INFO org.apache.hadoop.mapred.Task: Task 'attempt_local130984915_0001_r_000000_0' done.
2017-03-05 02:09:38,297 INFO org.apache.hadoop.mapred.LocalJobRunner: Finishing task: attempt_local130984915_0001_r_000000_0
2017-03-05 02:09:38,297 INFO org.apache.hadoop.mapred.LocalJobRunner: reduce task executor complete.
2017-03-05 02:09:38,407 WARN org.apache.hadoop.mapred.LocalJobRunner: job_local130984915_0001
java.lang.NoClassDefFoundError: org/apache/http/client/methods/HttpUriRequest
	at org.apache.hadoop.mapred.LocalJobRunner$Job.run(LocalJobRunner.java:573)
Caused by: java.lang.ClassNotFoundException: org.apache.http.client.methods.HttpUriRequest
	at java.net.URLClassLoader$1.run(URLClassLoader.java:366)
	at java.net.URLClassLoader$1.run(URLClassLoader.java:355)
	at java.security.AccessController.doPrivileged(Native Method)
	at java.net.URLClassLoader.findClass(URLClassLoader.java:354)
	at java.lang.ClassLoader.loadClass(ClassLoader.java:425)
	at sun.misc.Launcher$AppClassLoader.loadClass(Launcher.java:308)
	at java.lang.ClassLoader.loadClass(ClassLoader.java:358)
	... 1 more
2017-03-05 02:09:38,417 INFO org.apache.hadoop.mapreduce.Job:  map 100% reduce 100%
2017-03-05 02:09:38,497 INFO org.apache.hadoop.mapreduce.Job: Job job_local130984915_0001 failed with state FAILED due to: NA
2017-03-05 02:09:38,545 INFO org.apache.hadoop.mapreduce.Job: Counters: 30
	File System Counters
		FILE: Number of bytes read=288284320
		FILE: Number of bytes written=36712194
		FILE: Number of read operations=0
		FILE: Number of large read operations=0
		FILE: Number of write operations=0
	Map-Reduce Framework
		Map input records=1669957
		Map output records=692912
		Map output bytes=7133706
		Map output materialized bytes=8519548
		Input split bytes=333
		Combine input records=0
		Combine output records=0
		Reduce input groups=10
		Reduce shuffle bytes=8519548
		Reduce input records=692912
		Reduce output records=10
		Spilled Records=1385824
		Shuffled Maps =3
		Failed Shuffles=0
		Merged Map outputs=3
		GC time elapsed (ms)=140
		Total committed heap usage (bytes)=814759936
	Shuffle Errors
		BAD_ID=0
		CONNECTION=0
		IO_ERROR=0
		WRONG_LENGTH=0
		WRONG_MAP=0
		WRONG_REDUCE=0
	File Input Format Counters 
		Bytes Read=85283046
	File Output Format Counters 
		Bytes Written=190
2017-03-05 02:24:58,171 WARN org.apache.hadoop.util.NativeCodeLoader: Unable to load native-hadoop library for your platform... using builtin-java classes where applicable
2017-03-05 02:25:25,196 WARN org.apache.hadoop.util.NativeCodeLoader: Unable to load native-hadoop library for your platform... using builtin-java classes where applicable
2017-03-05 02:25:50,442 WARN org.apache.hadoop.util.NativeCodeLoader: Unable to load native-hadoop library for your platform... using builtin-java classes where applicable
2017-03-05 02:25:51,127 INFO org.apache.hadoop.conf.Configuration.deprecation: session.id is deprecated. Instead, use dfs.metrics.session-id
2017-03-05 02:25:51,129 INFO org.apache.hadoop.metrics.jvm.JvmMetrics: Initializing JVM Metrics with processName=JobTracker, sessionId=
2017-03-05 02:25:51,672 WARN org.apache.hadoop.mapreduce.JobResourceUploader: No job jar file set.  User classes may not be found. See Job or Job#setJar(String).
2017-03-05 02:25:51,684 INFO org.apache.hadoop.mapreduce.lib.input.FileInputFormat: Total input paths to process : 1
2017-03-05 02:25:51,742 INFO org.apache.hadoop.mapreduce.JobSubmitter: number of splits:3
2017-03-05 02:25:52,201 INFO org.apache.hadoop.mapreduce.JobSubmitter: Submitting tokens for job: job_local825332237_0001
2017-03-05 02:25:52,743 INFO org.apache.hadoop.mapreduce.Job: The url to track the job: http://localhost:8080/
2017-03-05 02:25:52,746 INFO org.apache.hadoop.mapreduce.Job: Running job: job_local825332237_0001
2017-03-05 02:25:52,745 INFO org.apache.hadoop.mapred.LocalJobRunner: OutputCommitter set in config null
2017-03-05 02:25:52,759 INFO org.apache.hadoop.mapreduce.lib.output.FileOutputCommitter: File Output Committer Algorithm version is 1
2017-03-05 02:25:52,765 INFO org.apache.hadoop.mapred.LocalJobRunner: OutputCommitter is org.apache.hadoop.mapreduce.lib.output.FileOutputCommitter
2017-03-05 02:25:52,856 INFO org.apache.hadoop.mapred.LocalJobRunner: Waiting for map tasks
2017-03-05 02:25:52,856 INFO org.apache.hadoop.mapred.LocalJobRunner: Starting task: attempt_local825332237_0001_m_000000_0
2017-03-05 02:25:52,931 INFO org.apache.hadoop.mapreduce.lib.output.FileOutputCommitter: File Output Committer Algorithm version is 1
2017-03-05 02:25:52,996 INFO org.apache.hadoop.mapred.Task:  Using ResourceCalculatorProcessTree : [ ]
2017-03-05 02:25:53,002 INFO org.apache.hadoop.mapred.MapTask: Processing split: file:/home/cloudera/TP/data/purchases.txt.part:0+33554432
2017-03-05 02:25:53,202 INFO org.apache.hadoop.mapred.MapTask: (EQUATOR) 0 kvi 26214396(104857584)
2017-03-05 02:25:53,203 INFO org.apache.hadoop.mapred.MapTask: mapreduce.task.io.sort.mb: 100
2017-03-05 02:25:53,203 INFO org.apache.hadoop.mapred.MapTask: soft limit at 83886080
2017-03-05 02:25:53,203 INFO org.apache.hadoop.mapred.MapTask: bufstart = 0; bufvoid = 104857600
2017-03-05 02:25:53,203 INFO org.apache.hadoop.mapred.MapTask: kvstart = 26214396; length = 6553600
2017-03-05 02:25:53,208 INFO org.apache.hadoop.mapred.MapTask: Map output collector class = org.apache.hadoop.mapred.MapTask$MapOutputBuffer
2017-03-05 02:25:53,748 INFO org.apache.hadoop.mapreduce.Job: Job job_local825332237_0001 running in uber mode : false
2017-03-05 02:25:53,749 INFO org.apache.hadoop.mapreduce.Job:  map 0% reduce 0%
2017-03-05 02:25:56,276 INFO org.apache.hadoop.mapred.LocalJobRunner: 
2017-03-05 02:25:56,296 INFO org.apache.hadoop.mapred.MapTask: Starting flush of map output
2017-03-05 02:25:56,296 INFO org.apache.hadoop.mapred.MapTask: Spilling map output
2017-03-05 02:25:56,296 INFO org.apache.hadoop.mapred.MapTask: bufstart = 0; bufend = 3476990; bufvoid = 104857600
2017-03-05 02:25:56,297 INFO org.apache.hadoop.mapred.MapTask: kvstart = 26214396(104857584); kvend = 25125932(100503728); length = 1088465/6553600
2017-03-05 02:25:57,029 INFO org.apache.hadoop.mapred.MapTask: Finished spill 0
2017-03-05 02:25:57,047 INFO org.apache.hadoop.mapred.Task: Task:attempt_local825332237_0001_m_000000_0 is done. And is in the process of committing
2017-03-05 02:25:57,189 INFO org.apache.hadoop.mapred.LocalJobRunner: map
2017-03-05 02:25:57,191 INFO org.apache.hadoop.mapred.Task: Task 'attempt_local825332237_0001_m_000000_0' done.
2017-03-05 02:25:57,191 INFO org.apache.hadoop.mapred.LocalJobRunner: Finishing task: attempt_local825332237_0001_m_000000_0
2017-03-05 02:25:57,191 INFO org.apache.hadoop.mapred.LocalJobRunner: Starting task: attempt_local825332237_0001_m_000001_0
2017-03-05 02:25:57,194 INFO org.apache.hadoop.mapreduce.lib.output.FileOutputCommitter: File Output Committer Algorithm version is 1
2017-03-05 02:25:57,194 INFO org.apache.hadoop.mapred.Task:  Using ResourceCalculatorProcessTree : [ ]
2017-03-05 02:25:57,197 INFO org.apache.hadoop.mapred.MapTask: Processing split: file:/home/cloudera/TP/data/purchases.txt.part:33554432+33554432
2017-03-05 02:25:57,238 INFO org.apache.hadoop.mapred.MapTask: (EQUATOR) 0 kvi 26214396(104857584)
2017-03-05 02:25:57,238 INFO org.apache.hadoop.mapred.MapTask: mapreduce.task.io.sort.mb: 100
2017-03-05 02:25:57,238 INFO org.apache.hadoop.mapred.MapTask: soft limit at 83886080
2017-03-05 02:25:57,238 INFO org.apache.hadoop.mapred.MapTask: bufstart = 0; bufvoid = 104857600
2017-03-05 02:25:57,238 INFO org.apache.hadoop.mapred.MapTask: kvstart = 26214396; length = 6553600
2017-03-05 02:25:57,239 INFO org.apache.hadoop.mapred.MapTask: Map output collector class = org.apache.hadoop.mapred.MapTask$MapOutputBuffer
2017-03-05 02:25:57,754 INFO org.apache.hadoop.mapreduce.Job:  map 100% reduce 0%
2017-03-05 02:25:59,278 INFO org.apache.hadoop.mapred.LocalJobRunner: 
2017-03-05 02:25:59,278 INFO org.apache.hadoop.mapred.MapTask: Starting flush of map output
2017-03-05 02:25:59,278 INFO org.apache.hadoop.mapred.MapTask: Spilling map output
2017-03-05 02:25:59,278 INFO org.apache.hadoop.mapred.MapTask: bufstart = 0; bufend = 3494747; bufvoid = 104857600
2017-03-05 02:25:59,278 INFO org.apache.hadoop.mapred.MapTask: kvstart = 26214396(104857584); kvend = 25120704(100482816); length = 1093693/6553600
2017-03-05 02:25:59,556 INFO org.apache.hadoop.mapred.MapTask: Finished spill 0
2017-03-05 02:25:59,557 INFO org.apache.hadoop.mapred.Task: Task:attempt_local825332237_0001_m_000001_0 is done. And is in the process of committing
2017-03-05 02:25:59,558 INFO org.apache.hadoop.mapred.LocalJobRunner: map
2017-03-05 02:25:59,559 INFO org.apache.hadoop.mapred.Task: Task 'attempt_local825332237_0001_m_000001_0' done.
2017-03-05 02:25:59,559 INFO org.apache.hadoop.mapred.LocalJobRunner: Finishing task: attempt_local825332237_0001_m_000001_0
2017-03-05 02:25:59,559 INFO org.apache.hadoop.mapred.LocalJobRunner: Starting task: attempt_local825332237_0001_m_000002_0
2017-03-05 02:25:59,559 INFO org.apache.hadoop.mapreduce.lib.output.FileOutputCommitter: File Output Committer Algorithm version is 1
2017-03-05 02:25:59,560 INFO org.apache.hadoop.mapred.Task:  Using ResourceCalculatorProcessTree : [ ]
2017-03-05 02:25:59,561 INFO org.apache.hadoop.mapred.MapTask: Processing split: file:/home/cloudera/TP/data/purchases.txt.part:67108864+18165990
2017-03-05 02:25:59,599 INFO org.apache.hadoop.mapred.MapTask: (EQUATOR) 0 kvi 26214396(104857584)
2017-03-05 02:25:59,599 INFO org.apache.hadoop.mapred.MapTask: mapreduce.task.io.sort.mb: 100
2017-03-05 02:25:59,599 INFO org.apache.hadoop.mapred.MapTask: soft limit at 83886080
2017-03-05 02:25:59,599 INFO org.apache.hadoop.mapred.MapTask: bufstart = 0; bufvoid = 104857600
2017-03-05 02:25:59,599 INFO org.apache.hadoop.mapred.MapTask: kvstart = 26214396; length = 6553600
2017-03-05 02:25:59,600 INFO org.apache.hadoop.mapred.MapTask: Map output collector class = org.apache.hadoop.mapred.MapTask$MapOutputBuffer
2017-03-05 02:26:00,925 INFO org.apache.hadoop.mapred.LocalJobRunner: 
2017-03-05 02:26:00,925 INFO org.apache.hadoop.mapred.MapTask: Starting flush of map output
2017-03-05 02:26:00,925 INFO org.apache.hadoop.mapred.MapTask: Spilling map output
2017-03-05 02:26:00,925 INFO org.apache.hadoop.mapred.MapTask: bufstart = 0; bufend = 1884271; bufvoid = 104857600
2017-03-05 02:26:00,926 INFO org.apache.hadoop.mapred.MapTask: kvstart = 26214396(104857584); kvend = 25624916(102499664); length = 589481/6553600
2017-03-05 02:26:01,061 INFO org.apache.hadoop.mapred.MapTask: Finished spill 0
2017-03-05 02:26:01,065 INFO org.apache.hadoop.mapred.Task: Task:attempt_local825332237_0001_m_000002_0 is done. And is in the process of committing
2017-03-05 02:26:01,066 INFO org.apache.hadoop.mapred.LocalJobRunner: map
2017-03-05 02:26:01,066 INFO org.apache.hadoop.mapred.Task: Task 'attempt_local825332237_0001_m_000002_0' done.
2017-03-05 02:26:01,066 INFO org.apache.hadoop.mapred.LocalJobRunner: Finishing task: attempt_local825332237_0001_m_000002_0
2017-03-05 02:26:01,066 INFO org.apache.hadoop.mapred.LocalJobRunner: map task executor complete.
2017-03-05 02:26:01,089 INFO org.apache.hadoop.mapred.LocalJobRunner: Waiting for reduce tasks
2017-03-05 02:26:01,090 INFO org.apache.hadoop.mapred.LocalJobRunner: Starting task: attempt_local825332237_0001_r_000000_0
2017-03-05 02:26:01,102 INFO org.apache.hadoop.mapreduce.lib.output.FileOutputCommitter: File Output Committer Algorithm version is 1
2017-03-05 02:26:01,103 INFO org.apache.hadoop.mapred.Task:  Using ResourceCalculatorProcessTree : [ ]
2017-03-05 02:26:01,114 INFO org.apache.hadoop.mapred.ReduceTask: Using ShuffleConsumerPlugin: org.apache.hadoop.mapreduce.task.reduce.Shuffle@36afba3
2017-03-05 02:26:01,188 INFO org.apache.hadoop.mapreduce.task.reduce.MergeManagerImpl: MergerManager: memoryLimit=662713152, maxSingleShuffleLimit=165678288, mergeThreshold=437390688, ioSortFactor=10, memToMemMergeOutputsThreshold=10
2017-03-05 02:26:01,190 INFO org.apache.hadoop.mapreduce.task.reduce.EventFetcher: attempt_local825332237_0001_r_000000_0 Thread started: EventFetcher for fetching Map Completion Events
2017-03-05 02:26:01,358 INFO org.apache.hadoop.mapreduce.task.reduce.LocalFetcher: localfetcher#1 about to shuffle output of map attempt_local825332237_0001_m_000002_0 decomp: 2179015 len: 2179019 to MEMORY
2017-03-05 02:26:01,367 INFO org.apache.hadoop.mapreduce.task.reduce.InMemoryMapOutput: Read 2179015 bytes from map-output for attempt_local825332237_0001_m_000002_0
2017-03-05 02:26:01,370 INFO org.apache.hadoop.mapreduce.task.reduce.MergeManagerImpl: closeInMemoryFile -> map-output of size: 2179015, inMemoryMapOutputs.size() -> 1, commitMemory -> 0, usedMemory ->2179015
2017-03-05 02:26:01,387 INFO org.apache.hadoop.mapreduce.task.reduce.LocalFetcher: localfetcher#1 about to shuffle output of map attempt_local825332237_0001_m_000000_0 decomp: 4021226 len: 4021230 to MEMORY
2017-03-05 02:26:01,397 INFO org.apache.hadoop.mapreduce.task.reduce.InMemoryMapOutput: Read 4021226 bytes from map-output for attempt_local825332237_0001_m_000000_0
2017-03-05 02:26:01,397 INFO org.apache.hadoop.mapreduce.task.reduce.MergeManagerImpl: closeInMemoryFile -> map-output of size: 4021226, inMemoryMapOutputs.size() -> 2, commitMemory -> 2179015, usedMemory ->6200241
2017-03-05 02:26:01,400 INFO org.apache.hadoop.mapreduce.task.reduce.LocalFetcher: localfetcher#1 about to shuffle output of map attempt_local825332237_0001_m_000001_0 decomp: 4041597 len: 4041601 to MEMORY
2017-03-05 02:26:01,408 INFO org.apache.hadoop.mapreduce.task.reduce.InMemoryMapOutput: Read 4041597 bytes from map-output for attempt_local825332237_0001_m_000001_0
2017-03-05 02:26:01,409 INFO org.apache.hadoop.mapreduce.task.reduce.MergeManagerImpl: closeInMemoryFile -> map-output of size: 4041597, inMemoryMapOutputs.size() -> 3, commitMemory -> 6200241, usedMemory ->10241838
2017-03-05 02:26:01,409 INFO org.apache.hadoop.mapreduce.task.reduce.EventFetcher: EventFetcher is interrupted.. Returning
2017-03-05 02:26:01,411 INFO org.apache.hadoop.mapred.LocalJobRunner: 3 / 3 copied.
2017-03-05 02:26:01,411 INFO org.apache.hadoop.mapreduce.task.reduce.MergeManagerImpl: finalMerge called with 3 in-memory map-outputs and 0 on-disk map-outputs
2017-03-05 02:26:01,418 INFO org.apache.hadoop.mapred.Merger: Merging 3 sorted segments
2017-03-05 02:26:01,419 INFO org.apache.hadoop.mapred.Merger: Down to the last merge-pass, with 3 segments left of total size: 10241796 bytes
2017-03-05 02:26:02,094 INFO org.apache.hadoop.mapreduce.task.reduce.MergeManagerImpl: Merged 3 segments, 10241838 bytes to disk to satisfy reduce memory limit
2017-03-05 02:26:02,095 INFO org.apache.hadoop.mapreduce.task.reduce.MergeManagerImpl: Merging 1 files, 10241838 bytes from disk
2017-03-05 02:26:02,134 INFO org.apache.hadoop.mapreduce.task.reduce.MergeManagerImpl: Merging 0 segments, 0 bytes from memory into reduce
2017-03-05 02:26:02,134 INFO org.apache.hadoop.mapred.Merger: Merging 1 sorted segments
2017-03-05 02:26:02,134 INFO org.apache.hadoop.mapred.Merger: Down to the last merge-pass, with 1 segments left of total size: 10241820 bytes
2017-03-05 02:26:02,135 INFO org.apache.hadoop.mapred.LocalJobRunner: 3 / 3 copied.
2017-03-05 02:26:02,333 INFO org.apache.hadoop.conf.Configuration.deprecation: mapred.skip.on is deprecated. Instead, use mapreduce.job.skiprecords
2017-03-05 02:26:03,088 INFO org.apache.hadoop.mapred.Task: Task:attempt_local825332237_0001_r_000000_0 is done. And is in the process of committing
2017-03-05 02:26:03,093 INFO org.apache.hadoop.mapred.LocalJobRunner: 3 / 3 copied.
2017-03-05 02:26:03,093 INFO org.apache.hadoop.mapred.Task: Task attempt_local825332237_0001_r_000000_0 is allowed to commit now
2017-03-05 02:26:03,094 INFO org.apache.hadoop.mapreduce.lib.output.FileOutputCommitter: Saved output of task 'attempt_local825332237_0001_r_000000_0' to file:/home/cloudera/TP/outputActivity6/_temporary/0/task_local825332237_0001_r_000000
2017-03-05 02:26:03,094 INFO org.apache.hadoop.mapred.LocalJobRunner: reduce > reduce
2017-03-05 02:26:03,096 INFO org.apache.hadoop.mapred.Task: Task 'attempt_local825332237_0001_r_000000_0' done.
2017-03-05 02:26:03,096 INFO org.apache.hadoop.mapred.LocalJobRunner: Finishing task: attempt_local825332237_0001_r_000000_0
2017-03-05 02:26:03,096 INFO org.apache.hadoop.mapred.LocalJobRunner: reduce task executor complete.
2017-03-05 02:26:03,154 WARN org.apache.hadoop.mapred.LocalJobRunner: job_local825332237_0001
java.lang.NoClassDefFoundError: org/apache/http/client/methods/HttpUriRequest
	at org.apache.hadoop.mapred.LocalJobRunner$Job.run(LocalJobRunner.java:573)
Caused by: java.lang.ClassNotFoundException: org.apache.http.client.methods.HttpUriRequest
	at java.net.URLClassLoader$1.run(URLClassLoader.java:366)
	at java.net.URLClassLoader$1.run(URLClassLoader.java:355)
	at java.security.AccessController.doPrivileged(Native Method)
	at java.net.URLClassLoader.findClass(URLClassLoader.java:354)
	at java.lang.ClassLoader.loadClass(ClassLoader.java:425)
	at sun.misc.Launcher$AppClassLoader.loadClass(Launcher.java:308)
	at java.lang.ClassLoader.loadClass(ClassLoader.java:358)
	... 1 more
2017-03-05 02:26:03,759 INFO org.apache.hadoop.mapreduce.Job:  map 100% reduce 100%
2017-03-05 02:26:03,760 INFO org.apache.hadoop.mapreduce.Job: Job job_local825332237_0001 failed with state FAILED due to: NA
2017-03-05 02:26:03,835 INFO org.apache.hadoop.mapreduce.Job: Counters: 30
	File System Counters
		FILE: Number of bytes read=291728924
		FILE: Number of bytes written=43913214
		FILE: Number of read operations=0
		FILE: Number of large read operations=0
		FILE: Number of write operations=0
	Map-Reduce Framework
		Map input records=1669957
		Map output records=692912
		Map output bytes=8856008
		Map output materialized bytes=10241850
		Input split bytes=333
		Combine input records=0
		Combine output records=0
		Reduce input groups=77
		Reduce shuffle bytes=10241850
		Reduce input records=692912
		Reduce output records=77
		Spilled Records=1385824
		Shuffled Maps =3
		Failed Shuffles=0
		Merged Map outputs=3
		GC time elapsed (ms)=157
		Total committed heap usage (bytes)=814759936
	Shuffle Errors
		BAD_ID=0
		CONNECTION=0
		IO_ERROR=0
		WRONG_LENGTH=0
		WRONG_MAP=0
		WRONG_REDUCE=0
	File Input Format Counters 
		Bytes Read=85283046
	File Output Format Counters 
		Bytes Written=1231
